{"target": -98933.42067823146, "params": {"A": 52.03191610298302, "D": 3.8325912904724193, "S": 0.2979956915238149, "T": 1.7770690129941575, "b_prob": 0.378589390869531, "ews": 0.8962930889334381, "ps": 0.12558531046383625, "t_r": 3.694157415796428}, "datetime": {"datetime": "2023-08-11 16:07:45", "elapsed": 0.0, "delta": 0.0}}
{"target": -144104.63805878375, "params": {"A": 36.609157635781635, "D": 2.879306897672338, "S": 0.6882467612410134, "T": 1.2793674860081214, "b_prob": 0.2647728107781595, "ews": 0.8007093874487079, "ps": 0.008489880542820738, "t_r": 13.881294556983867}, "datetime": {"datetime": "2023-08-11 16:49:30", "elapsed": 0.0, "delta": 0.0}}
{"target": -143825.83040475144, "params": {"A": 36.6242849013854, "D": 2.880267648751124, "S": 0.6883879967927883, "T": 1.2801469950951256, "b_prob": 0.2648340736114207, "ews": 0.8007996733419332, "ps": 0.008939070675919135, "t_r": 13.881348334865406}, "datetime": {"datetime": "2023-08-11 17:38:38", "elapsed": 0.0, "delta": 0.0}}
{"target": -96009.92727460795, "params": {"A": 50.77680180802153, "D": 3.6578680135304578, "S": 0.28974766774725896, "T": 1.620647581516091, "b_prob": 0.3465185309592935, "ews": 0.7905558337630965, "ps": 0.16154766181387256, "t_r": 4.626042548687474}, "datetime": {"datetime": "2023-08-11 18:12:42", "elapsed": 0.0, "delta": 0.0}}
{"target": -22732.535693519607, "params": {"A": 52.28238616874975, "D": 4.787160357111447, "S": 0.7310847936104887, "T": 2.392327120372441, "b_prob": 0.27513512520878136, "ews": 1.0, "ps": 0.7390594734115796, "t_r": 6.325611907041056}, "datetime": {"datetime": "2023-08-11 18:27:43", "elapsed": 0.0, "delta": 0.0}}
{"target": -32085.465551255696, "params": {"A": 53.19713449229531, "D": 5.0, "S": 1.0, "T": 3.0, "b_prob": 0.2, "ews": 1.0, "ps": 1.0, "t_r": 8.324793299401824}, "datetime": {"datetime": "2023-08-11 18:42:59", "elapsed": 0.0, "delta": 0.0}}
{"target": -102742.8537623351, "params": {"A": 54.931918419408554, "D": 5.0, "S": 1.0, "T": 0.5, "b_prob": 0.4, "ews": 1.0, "ps": 1.0, "t_r": 7.004421144933982}, "datetime": {"datetime": "2023-08-11 18:58:32", "elapsed": 0.0, "delta": 0.0}}
{"target": -31969.73336677767, "params": {"A": 50.563875417403395, "D": 5.0, "S": 1.0, "T": 3.0, "b_prob": 0.2, "ews": 1.0, "ps": 1.0, "t_r": 8.063182186361587}, "datetime": {"datetime": "2023-08-11 19:13:30", "elapsed": 0.0, "delta": 0.0}}
{"target": -149107.61534195114, "params": {"A": 52.10095710701128, "D": 2.4722312123292727, "S": 0.01, "T": 3.0, "b_prob": 0.2, "ews": 1.0, "ps": 0.0, "t_r": 8.44454212510188}, "datetime": {"datetime": "2023-08-11 20:01:06", "elapsed": 0.0, "delta": 0.0}}
{"target": -54659.02001107802, "params": {"A": 51.674993341120114, "D": 5.0, "S": 1.0, "T": 1.5659688796865572, "b_prob": 0.2, "ews": 0.0, "ps": 1.0, "t_r": 7.571439878612508}, "datetime": {"datetime": "2023-08-11 20:15:22", "elapsed": 0.0, "delta": 0.0}}
{"target": -106563.81662391366, "params": {"A": 50.7337015632938, "D": 5.0, "S": 1.0, "T": 3.0, "b_prob": 0.4, "ews": 1.0, "ps": 1.0, "t_r": 6.062614780746888}, "datetime": {"datetime": "2023-08-11 20:31:15", "elapsed": 0.0, "delta": 0.0}}
{"target": -35316.088419747575, "params": {"A": 52.15937768815147, "D": 5.0, "S": 1.0, "T": 3.0, "b_prob": 0.2, "ews": 1.0, "ps": 1.0, "t_r": 7.502890944908046}, "datetime": {"datetime": "2023-08-11 20:46:50", "elapsed": 0.0, "delta": 0.0}}
{"target": -32814.61203923816, "params": {"A": 53.74686949881084, "D": 4.8674115124134545, "S": 0.9592476405423405, "T": 2.9961868478885014, "b_prob": 0.21610285674660015, "ews": 0.27854793963456403, "ps": 0.868288366107122, "t_r": 6.080768946121119}, "datetime": {"datetime": "2023-08-11 21:03:02", "elapsed": 0.0, "delta": 0.0}}
{"target": -34394.485785173914, "params": {"A": 51.027915993716185, "D": 5.0, "S": 1.0, "T": 2.8527070852793273, "b_prob": 0.2, "ews": 1.0, "ps": 1.0, "t_r": 9.835054356974759}, "datetime": {"datetime": "2023-08-11 21:17:40", "elapsed": 0.0, "delta": 0.0}}
{"target": -34027.87352501907, "params": {"A": 48.84710656127093, "D": 5.0, "S": 1.0, "T": 2.96431690176387, "b_prob": 0.2, "ews": 1.0, "ps": 1.0, "t_r": 9.466790003783153}, "datetime": {"datetime": "2023-08-11 21:32:24", "elapsed": 0.0, "delta": 0.0}}
{"target": -40018.9027845286, "params": {"A": 49.64235325854269, "D": 5.0, "S": 1.0, "T": 0.884711051281966, "b_prob": 0.2, "ews": 1.0, "ps": 1.0, "t_r": 9.393752880976152}, "datetime": {"datetime": "2023-08-11 21:48:04", "elapsed": 0.0, "delta": 0.0}}
{"target": -77214.3242560628, "params": {"A": 49.15257858583147, "D": 5.0, "S": 1.0, "T": 1.9976813563394278, "b_prob": 0.2, "ews": 0.0, "ps": 1.0, "t_r": 11.727108821247821}, "datetime": {"datetime": "2023-08-11 22:03:25", "elapsed": 0.0, "delta": 0.0}}
{"target": -121074.23345485874, "params": {"A": 47.38645323513651, "D": 5.0, "S": 0.01, "T": 1.3999126030121993, "b_prob": 0.2, "ews": 1.0, "ps": 1.0, "t_r": 8.4678259408738}, "datetime": {"datetime": "2023-08-11 22:37:33", "elapsed": 0.0, "delta": 0.0}}
{"target": -103862.2943206778, "params": {"A": 50.28505395356482, "D": 4.998013320997333, "S": 0.7256757070441806, "T": 2.940758263131049, "b_prob": 0.20674403891378598, "ews": 0.2918382243101333, "ps": 0.16554491056231435, "t_r": 8.654063732509684}, "datetime": {"datetime": "2023-08-11 22:57:27", "elapsed": 0.0, "delta": 0.0}}
{"target": -120548.47434758605, "params": {"A": 53.539932087799244, "D": 4.283521089115149, "S": 0.12617073294687958, "T": 2.818359230111221, "b_prob": 0.21001770589306337, "ews": 0.7800383141888881, "ps": 0.9513644058390806, "t_r": 6.410073150322256}, "datetime": {"datetime": "2023-08-11 23:29:29", "elapsed": 0.0, "delta": 0.0}}
{"target": -20879.832492339665, "params": {"A": 53.017254183107724, "D": 4.9302026374905505, "S": 0.7079650189568323, "T": 2.3613713406244394, "b_prob": 0.32170352037468564, "ews": 0.26283727550367586, "ps": 0.49460982130280584, "t_r": 5.549590859394987}, "datetime": {"datetime": "2023-08-11 23:45:34", "elapsed": 0.0, "delta": 0.0}}
{"target": -127540.78707416682, "params": {"A": 52.442278319133926, "D": 4.393744802369037, "S": 0.972801337268745, "T": 1.32742661815581, "b_prob": 0.38374490323686444, "ews": 0.7524847958846126, "ps": 0.016690292923209338, "t_r": 5.8014065751527815}, "datetime": {"datetime": "2023-08-12 00:24:58", "elapsed": 0.0, "delta": 0.0}}
{"target": -36676.41769228254, "params": {"A": 52.14102625832599, "D": 4.351790347668126, "S": 0.9766818729432067, "T": 2.8911796760264203, "b_prob": 0.26511511220416056, "ews": 0.5566755066365663, "ps": 0.6990213102277372, "t_r": 6.875190600667343}, "datetime": {"datetime": "2023-08-12 00:43:43", "elapsed": 0.0, "delta": 0.0}}
{"target": -114820.40140835388, "params": {"A": 51.83969758061279, "D": 4.897409997128729, "S": 0.03455051963395378, "T": 2.354652434822857, "b_prob": 0.32578315818117165, "ews": 0.37679633042310745, "ps": 0.7979624773435139, "t_r": 6.8615771048667185}, "datetime": {"datetime": "2023-08-12 01:21:03", "elapsed": 0.0, "delta": 0.0}}
{"target": -76330.60621741693, "params": {"A": 52.9860169459099, "D": 4.884878551371484, "S": 0.37045826363144907, "T": 2.6385790304633265, "b_prob": 0.31749218995834416, "ews": 0.9145501728690278, "ps": 0.3103937409643972, "t_r": 5.610448072046965}, "datetime": {"datetime": "2023-08-12 01:53:06", "elapsed": 0.0, "delta": 0.0}}
{"target": -62316.31646907148, "params": {"A": 52.22286670354908, "D": 4.770721398269153, "S": 0.7360165300060808, "T": 2.675430323782729, "b_prob": 0.30810676837954604, "ews": 0.595183541646349, "ps": 0.18968601952754405, "t_r": 7.791298865971335}, "datetime": {"datetime": "2023-08-12 02:15:12", "elapsed": 0.0, "delta": 0.0}}
{"target": -93178.15573201912, "params": {"A": 53.72974590304889, "D": 4.48725458802407, "S": 0.44904153777282046, "T": 2.7977098970176373, "b_prob": 0.28742450133067593, "ews": 0.09356784561763709, "ps": 0.2101853166230404, "t_r": 5.22091433094808}, "datetime": {"datetime": "2023-08-12 02:38:45", "elapsed": 0.0, "delta": 0.0}}
{"target": -54785.997730091876, "params": {"A": 48.69911492890355, "D": 4.930863265792253, "S": 0.5837339427626753, "T": 2.960019982759814, "b_prob": 0.2958561668016306, "ews": 0.8015949793165211, "ps": 0.7101482226601832, "t_r": 10.116510638900685}, "datetime": {"datetime": "2023-08-12 02:59:11", "elapsed": 0.0, "delta": 0.0}}
{"target": -48041.615962451484, "params": {"A": 49.36059580664813, "D": 4.582861951271299, "S": 0.5594829872934219, "T": 2.554642185704332, "b_prob": 0.31435756369094864, "ews": 0.9021884050494835, "ps": 0.5404298296886271, "t_r": 9.254449308860844}, "datetime": {"datetime": "2023-08-12 03:23:48", "elapsed": 0.0, "delta": 0.0}}
{"target": -95279.5630763299, "params": {"A": 51.54855241908854, "D": 4.67094046640443, "S": 0.23246678839610493, "T": 2.3857906758288028, "b_prob": 0.3556121790844869, "ews": 0.919575919678175, "ps": 0.7664405150417422, "t_r": 9.063169678187537}, "datetime": {"datetime": "2023-08-12 03:57:51", "elapsed": 0.0, "delta": 0.0}}
{"target": -34339.2544080089, "params": {"A": 53.28194582799069, "D": 4.7602988239058615, "S": 0.6875516428567872, "T": 2.957915316211281, "b_prob": 0.38234343476196564, "ews": 0.8293481352958615, "ps": 0.5267931381506407, "t_r": 8.381771489332849}, "datetime": {"datetime": "2023-08-12 04:14:05", "elapsed": 0.0, "delta": 0.0}}
{"target": -28443.910720674725, "params": {"A": 54.38898598111019, "D": 4.799619388755206, "S": 0.7844304743060602, "T": 2.738205011619863, "b_prob": 0.31540703603154563, "ews": 0.45454194531689285, "ps": 0.7089574766813153, "t_r": 8.350856238822953}, "datetime": {"datetime": "2023-08-12 04:31:50", "elapsed": 0.0, "delta": 0.0}}
{"target": -85917.83712513499, "params": {"A": 53.734613192034416, "D": 4.757405314220911, "S": 0.9122899611523994, "T": 2.1140762587454693, "b_prob": 0.25048432574591506, "ews": 0.4200810011083346, "ps": 0.1431519266542527, "t_r": 8.22847342352625}, "datetime": {"datetime": "2023-08-12 04:53:48", "elapsed": 0.0, "delta": 0.0}}
{"target": -56103.5346840908, "params": {"A": 54.901239070778566, "D": 4.550749343579119, "S": 0.5238283541614828, "T": 2.8122053593445555, "b_prob": 0.35411528852455765, "ews": 0.7865394589100664, "ps": 0.2901982675156851, "t_r": 8.264121040441271}, "datetime": {"datetime": "2023-08-12 05:13:21", "elapsed": 0.0, "delta": 0.0}}
{"target": -100305.34244916818, "params": {"A": 53.79494980937244, "D": 3.9640612564502384, "S": 0.9536254579132456, "T": 2.5789549229737934, "b_prob": 0.3946953783206595, "ews": 0.3309472872845105, "ps": 0.7823223424062286, "t_r": 8.500899043044935}, "datetime": {"datetime": "2023-08-12 05:28:46", "elapsed": 0.0, "delta": 0.0}}
{"target": -33485.90974677839, "params": {"A": 48.925146389952104, "D": 4.652539364930957, "S": 0.6633813982748957, "T": 0.7922289199523385, "b_prob": 0.3301904628056561, "ews": 0.3889597029907752, "ps": 0.7830401488240115, "t_r": 9.523214631858231}, "datetime": {"datetime": "2023-08-12 05:45:05", "elapsed": 0.0, "delta": 0.0}}
{"target": -86424.39262026451, "params": {"A": 49.114250296520524, "D": 4.355033969552137, "S": 0.38373583996032645, "T": 1.061807081303547, "b_prob": 0.33261869618235274, "ews": 0.7532297284311947, "ps": 0.36582241285407235, "t_r": 9.041296632911006}, "datetime": {"datetime": "2023-08-12 06:10:27", "elapsed": 0.0, "delta": 0.0}}
{"target": -36307.594522386644, "params": {"A": 48.559919136905634, "D": 4.445198575602497, "S": 0.8056969889808677, "T": 2.2281289762084047, "b_prob": 0.3927106730472152, "ews": 0.7044567507956551, "ps": 0.22680574730367742, "t_r": 9.772895105418906}, "datetime": {"datetime": "2023-08-12 06:32:57", "elapsed": 0.0, "delta": 0.0}}
{"target": -85457.60748105292, "params": {"A": 48.743876958360076, "D": 4.411393900773231, "S": 0.6040204351720418, "T": 1.7463338293212471, "b_prob": 0.304485844959602, "ews": 0.9463110688148448, "ps": 0.24674178852679785, "t_r": 10.524102387880049}, "datetime": {"datetime": "2023-08-12 06:51:33", "elapsed": 0.0, "delta": 0.0}}
{"target": -28818.353449792077, "params": {"A": 52.44029561130269, "D": 4.082439139921247, "S": 0.7812071270729968, "T": 2.229681015634557, "b_prob": 0.2311000458447852, "ews": 0.7043966525983419, "ps": 0.6067302515485505, "t_r": 7.01549860013519}, "datetime": {"datetime": "2023-08-12 07:08:27", "elapsed": 0.0, "delta": 0.0}}
{"target": -52655.0246704424, "params": {"A": 52.096971729838366, "D": 4.038103357434753, "S": 0.47245715058764115, "T": 2.7183735083591407, "b_prob": 0.24482982738337844, "ews": 0.2948182641772896, "ps": 0.7597651773750927, "t_r": 6.102130604160004}, "datetime": {"datetime": "2023-08-12 07:27:50", "elapsed": 0.0, "delta": 0.0}}
{"target": -35224.48301600604, "params": {"A": 52.804827825678956, "D": 3.311330328549639, "S": 0.9978556505928031, "T": 2.657357007221086, "b_prob": 0.30775572537921003, "ews": 0.5571612754326529, "ps": 0.16962098967636563, "t_r": 6.7622606532439935}, "datetime": {"datetime": "2023-08-12 07:45:42", "elapsed": 0.0, "delta": 0.0}}
{"target": -41123.652384768364, "params": {"A": 52.665532836870604, "D": 4.748634362847028, "S": 1.0, "T": 2.535484695347498, "b_prob": 0.2, "ews": 1.0, "ps": 0.784625218951223, "t_r": 6.8720222458054945}, "datetime": {"datetime": "2023-08-12 08:00:12", "elapsed": 0.0, "delta": 0.0}}
{"target": -91289.5795528645, "params": {"A": 52.32463723745345, "D": 4.0322304026702875, "S": 1.0, "T": 2.5266366200213657, "b_prob": 0.38331865033804535, "ews": 1.0, "ps": 0.7112745763117554, "t_r": 6.425991972071328}, "datetime": {"datetime": "2023-08-12 08:16:00", "elapsed": 0.0, "delta": 0.0}}
{"target": -50194.85392917712, "params": {"A": 52.60831912001823, "D": 3.9723800567533445, "S": 0.9634390311598328, "T": 2.6269227415877183, "b_prob": 0.2, "ews": 0.3398954122334892, "ps": 0.3610958309923323, "t_r": 7.13454354584896}, "datetime": {"datetime": "2023-08-12 08:33:18", "elapsed": 0.0, "delta": 0.0}}
{"target": -54897.54618550628, "params": {"A": 52.57852139382682, "D": 3.4336135399107723, "S": 0.7066118534860775, "T": 2.1146741424923365, "b_prob": 0.2, "ews": 0.625546055241834, "ps": 0.36073897294302715, "t_r": 7.112927225159087}, "datetime": {"datetime": "2023-08-12 08:49:49", "elapsed": 0.0, "delta": 0.0}}
{"target": -54089.41997293153, "params": {"A": 54.57853856856957, "D": 4.562931026840074, "S": 0.9509505832563715, "T": 2.2730633275785093, "b_prob": 0.3077468849513983, "ews": 0.49265730726456236, "ps": 0.9701613511920687, "t_r": 8.083733068676736}, "datetime": {"datetime": "2023-08-12 09:04:48", "elapsed": 0.0, "delta": 0.0}}
{"target": -40592.37582618545, "params": {"A": 48.21589700630028, "D": 4.327648343130664, "S": 0.5460512221716713, "T": 2.1426472133902035, "b_prob": 0.3821510739929331, "ews": 0.5720130696710274, "ps": 0.4450258102836816, "t_r": 9.528990564403932}, "datetime": {"datetime": "2023-08-12 09:23:46", "elapsed": 0.0, "delta": 0.0}}
{"target": -50772.707429508315, "params": {"A": 48.96869174294552, "D": 4.327511900596157, "S": 0.8159192892260857, "T": 2.235098104399564, "b_prob": 0.25555378321537764, "ews": 0.6564293759085961, "ps": 0.27061886552893666, "t_r": 8.946304759865349}, "datetime": {"datetime": "2023-08-12 09:43:12", "elapsed": 0.0, "delta": 0.0}}
{"target": -49203.39727436283, "params": {"A": 52.60619541173707, "D": 4.521727523348648, "S": 0.6055931704048944, "T": 1.530527715441455, "b_prob": 0.23393836076767402, "ews": 0.7657959380404815, "ps": 0.6325894454667843, "t_r": 7.6641539329746315}, "datetime": {"datetime": "2023-08-12 09:59:57", "elapsed": 0.0, "delta": 0.0}}
{"target": -62975.03110114195, "params": {"A": 47.946060780277826, "D": 3.9724900186412606, "S": 0.4602235214910551, "T": 2.9477321603331776, "b_prob": 0.25804697549931144, "ews": 0.4356319289350201, "ps": 0.6814517170350923, "t_r": 9.167342584725068}, "datetime": {"datetime": "2023-08-12 10:18:40", "elapsed": 0.0, "delta": 0.0}}
{"target": -65725.05005649346, "params": {"A": 48.48797207200125, "D": 3.313283842505094, "S": 0.6005105657763036, "T": 2.4043664182910423, "b_prob": 0.2101889604008591, "ews": 0.8033686191620165, "ps": 0.37541977472771315, "t_r": 9.374508838613165}, "datetime": {"datetime": "2023-08-12 10:35:57", "elapsed": 0.0, "delta": 0.0}}
{"target": -130488.04905499029, "params": {"A": 53.360259902774686, "D": 4.672068783054597, "S": 0.019140559755914464, "T": 2.553924947453468, "b_prob": 0.39559246627624856, "ews": 0.9248232908078527, "ps": 0.3027986499661067, "t_r": 8.182473498351566}, "datetime": {"datetime": "2023-08-12 11:20:02", "elapsed": 0.0, "delta": 0.0}}
{"target": -28698.102818152016, "params": {"A": 52.187015128953554, "D": 3.6228652309460663, "S": 0.7971233111398237, "T": 2.783190834415768, "b_prob": 0.27229816460727524, "ews": 0.6100631982049673, "ps": 0.5950499100816948, "t_r": 7.750172761859306}, "datetime": {"datetime": "2023-08-12 11:38:14", "elapsed": 0.0, "delta": 0.0}}
{"target": -39471.44516038119, "params": {"A": 52.25404863867371, "D": 4.211824676387721, "S": 0.9612369544050192, "T": 2.5589288929097282, "b_prob": 0.2, "ews": 0.7976235722627182, "ps": 0.8960174885206879, "t_r": 7.533352545676958}, "datetime": {"datetime": "2023-08-12 11:52:52", "elapsed": 0.0, "delta": 0.0}}
{"target": -41914.745114850186, "params": {"A": 51.827947025045276, "D": 3.84202024579345, "S": 0.8758080038839032, "T": 2.4532381232175644, "b_prob": 0.2, "ews": 0.5089089075703191, "ps": 0.5263326014293043, "t_r": 7.327418687713069}, "datetime": {"datetime": "2023-08-12 12:10:19", "elapsed": 0.0, "delta": 0.0}}
{"target": -39673.18451119324, "params": {"A": 52.20376962817809, "D": 3.667331524279671, "S": 0.7082905220790726, "T": 3.0, "b_prob": 0.2, "ews": 0.42537724848273667, "ps": 0.9802587857992153, "t_r": 7.271726130669993}, "datetime": {"datetime": "2023-08-12 12:25:42", "elapsed": 0.0, "delta": 0.0}}
{"target": -60244.931508969355, "params": {"A": 52.26200872081108, "D": 3.2517543722057716, "S": 1.0, "T": 3.0, "b_prob": 0.4, "ews": 0.5951694994739918, "ps": 0.3288247360581949, "t_r": 7.249947382921964}, "datetime": {"datetime": "2023-08-12 12:42:25", "elapsed": 0.0, "delta": 0.0}}
{"target": -42866.768341107825, "params": {"A": 52.21248019081699, "D": 3.263372278540464, "S": 0.45083071407346975, "T": 2.3938936068214196, "b_prob": 0.3738045322069182, "ews": 0.8804499287348231, "ps": 0.9736128095676224, "t_r": 7.959192686396796}, "datetime": {"datetime": "2023-08-12 12:58:38", "elapsed": 0.0, "delta": 0.0}}
{"target": -90171.4780408836, "params": {"A": 52.31063194360461, "D": 3.7485731328563907, "S": 0.7169639253534988, "T": 2.239922904392543, "b_prob": 0.4, "ews": 0.3284712447733901, "ps": 1.0, "t_r": 7.59312324181682}, "datetime": {"datetime": "2023-08-12 13:15:01", "elapsed": 0.0, "delta": 0.0}}
{"target": -58476.92794760849, "params": {"A": 52.183660910280366, "D": 3.9757038589766136, "S": 0.5917471118735038, "T": 2.8714403478119155, "b_prob": 0.2, "ews": 0.9557837236793264, "ps": 0.525874032904602, "t_r": 7.372556066488912}, "datetime": {"datetime": "2023-08-12 13:33:18", "elapsed": 0.0, "delta": 0.0}}
{"target": -44875.60676235805, "params": {"A": 51.78016118213308, "D": 3.81477457048244, "S": 1.0, "T": 3.0, "b_prob": 0.2, "ews": 0.6642615200500254, "ps": 0.8980910498580974, "t_r": 7.795944757088546}, "datetime": {"datetime": "2023-08-12 13:47:40", "elapsed": 0.0, "delta": 0.0}}
{"target": -50294.64407548374, "params": {"A": 52.44833210634517, "D": 3.4953868507104504, "S": 0.9558716130764268, "T": 2.9673606907932566, "b_prob": 0.2, "ews": 0.9450845487357759, "ps": 0.9731632615683348, "t_r": 7.892515631279532}, "datetime": {"datetime": "2023-08-12 14:02:35", "elapsed": 0.0, "delta": 0.0}}
{"target": -45027.42210582256, "params": {"A": 51.9975957714577, "D": 3.616721380267621, "S": 1.0, "T": 2.392068631778113, "b_prob": 0.2, "ews": 1.0, "ps": 0.46465714496804383, "t_r": 7.934234276630023}, "datetime": {"datetime": "2023-08-12 14:18:27", "elapsed": 0.0, "delta": 0.0}}
{"target": -43467.59726591093, "params": {"A": 51.73330867021424, "D": 3.2174948301517396, "S": 0.6154875825066508, "T": 2.777782147076497, "b_prob": 0.2, "ews": 0.7034742423982218, "ps": 0.8295957159695524, "t_r": 7.637786323844242}, "datetime": {"datetime": "2023-08-12 14:34:45", "elapsed": 0.0, "delta": 0.0}}
{"target": -35917.05752470061, "params": {"A": 51.29364935371622, "D": 4.905383775002828, "S": 1.0, "T": 3.0, "b_prob": 0.2, "ews": 1.0, "ps": 1.0, "t_r": 7.799216839938095}, "datetime": {"datetime": "2023-08-12 14:50:20", "elapsed": 0.0, "delta": 0.0}}
{"target": -40759.57631922158, "params": {"A": 50.73661392331378, "D": 4.3482908126383935, "S": 1.0, "T": 2.8384803397073486, "b_prob": 0.2, "ews": 1.0, "ps": 1.0, "t_r": 7.801353179082632}, "datetime": {"datetime": "2023-08-12 15:04:43", "elapsed": 0.0, "delta": 0.0}}
{"target": -40222.558526406596, "params": {"A": 52.09851975741458, "D": 4.745075523672862, "S": 1.0, "T": 2.115047833941164, "b_prob": 0.2, "ews": 0.8956216961017259, "ps": 0.6563953785723081, "t_r": 6.985887098862383}, "datetime": {"datetime": "2023-08-12 15:21:09", "elapsed": 0.0, "delta": 0.0}}
{"target": -31077.204195424038, "params": {"A": 52.48950165776743, "D": 2.928685004982068, "S": 0.679007885933274, "T": 2.5052772145884195, "b_prob": 0.26955407955723665, "ews": 0.07849972032621477, "ps": 0.826768972522372, "t_r": 6.108328504927559}, "datetime": {"datetime": "2023-08-12 15:37:14", "elapsed": 0.0, "delta": 0.0}}
{"target": -78671.04743648111, "params": {"A": 52.81687655385322, "D": 2.9122996689108085, "S": 0.9474977821582504, "T": 2.6863911745274045, "b_prob": 0.2, "ews": 0.0, "ps": 0.2562984822515743, "t_r": 6.340088490845334}, "datetime": {"datetime": "2023-08-12 15:55:32", "elapsed": 0.0, "delta": 0.0}}
{"target": -37754.6370334905, "params": {"A": 51.68108412795462, "D": 4.6169728394016305, "S": 1.0, "T": 2.758727869257106, "b_prob": 0.2, "ews": 1.0, "ps": 1.0, "t_r": 7.172761688842841}, "datetime": {"datetime": "2023-08-12 16:10:00", "elapsed": 0.0, "delta": 0.0}}
