{"target": -34825.498689105625, "params": {"A": 51.82528633977015, "D": 4.962099469469305, "S": 1.0, "T": 2.3183882304246537, "b_prob": 0.2, "ews": 1.0, "ps": 1.0, "t_r": 7.79685665324434}, "datetime": {"datetime": "2023-08-12 16:25:28", "elapsed": 0.0, "delta": 0.0}}
{"target": -34763.906107880786, "params": {"A": 50.89191387499773, "D": 5.0, "S": 1.0, "T": 2.3073216346957763, "b_prob": 0.2, "ews": 1.0, "ps": 1.0, "t_r": 7.800409853010038}, "datetime": {"datetime": "2023-08-12 16:41:57", "elapsed": 0.0, "delta": 0.0}}
{"target": -63559.4780923943, "params": {"A": 52.0113061927146, "D": 2.7829521516174647, "S": 0.6741740580915702, "T": 2.363420903682467, "b_prob": 0.34519560001384575, "ews": 0.6122870807491595, "ps": 0.9057342375743394, "t_r": 6.564610700652544}, "datetime": {"datetime": "2023-08-12 16:57:36", "elapsed": 0.0, "delta": 0.0}}
{"target": -58640.732979295026, "params": {"A": 50.62718140068745, "D": 4.329815209467988, "S": 0.6226191740037526, "T": 2.3897334657147438, "b_prob": 0.26942159979667685, "ews": 0.9063335626006274, "ps": 0.27838042415324016, "t_r": 7.420446657907805}, "datetime": {"datetime": "2023-08-12 17:16:42", "elapsed": 0.0, "delta": 0.0}}
{"target": -50284.12385983294, "params": {"A": 55.314096692463735, "D": 4.7900744058979505, "S": 0.5118989131415451, "T": 2.5582717729618563, "b_prob": 0.32250430364871685, "ews": 0.3381386665428864, "ps": 0.7466360726102798, "t_r": 9.493459012521951}, "datetime": {"datetime": "2023-08-12 17:33:16", "elapsed": 0.0, "delta": 0.0}}
{"target": -77405.66604097493, "params": {"A": 53.25348391160796, "D": 1.8658559757172042, "S": 0.22694400465224077, "T": 2.362446194901082, "b_prob": 0.24920756765243834, "ews": 0.19200306975030446, "ps": 0.8085084558267578, "t_r": 5.9916034344172555}, "datetime": {"datetime": "2023-08-12 17:59:58", "elapsed": 0.0, "delta": 0.0}}
{"target": -95109.72554799159, "params": {"A": 55.40012374955112, "D": 4.995569795880017, "S": 0.4180253963883439, "T": 2.8535002289391844, "b_prob": 0.2986446547231494, "ews": 0.9077767940730105, "ps": 0.2936026941627663, "t_r": 9.224047707569431}, "datetime": {"datetime": "2023-08-12 18:26:37", "elapsed": 0.0, "delta": 0.0}}
{"target": -105426.08183217127, "params": {"A": 49.16707375306321, "D": 3.753804672342632, "S": 0.15093383503065141, "T": 2.8774896012047493, "b_prob": 0.3755207873949006, "ews": 0.8241190796505066, "ps": 0.6299299036301355, "t_r": 9.965715362396878}, "datetime": {"datetime": "2023-08-12 19:00:19", "elapsed": 0.0, "delta": 0.0}}
{"target": -50192.04084499569, "params": {"A": 47.393603817740384, "D": 4.070108308724773, "S": 0.8964941038453572, "T": 1.3006605729932095, "b_prob": 0.38100122366307265, "ews": 0.19234447196597726, "ps": 0.5813944162800446, "t_r": 9.784378926057883}, "datetime": {"datetime": "2023-08-12 19:15:45", "elapsed": 0.0, "delta": 0.0}}
