{"target": -36454.526448490236, "params": {"A": 39.44548509739391, "D": 1.8422309722014818, "S": 0.9328499013465773, "T": 1.1679544617534923, "b_prob": 0.3870883126605272, "ews": 0.7210641697766996, "ps": 0.8686911081493288, "t_r": 12.68193894271575}, "datetime": {"datetime": "2023-08-11 14:51:06", "elapsed": 0.0, "delta": 0.0}}
{"target": -132084.69015322506, "params": {"A": 40.25497253812871, "D": 1.412261587281698, "S": 0.6362355351155256, "T": 0.7491097098019925, "b_prob": 0.31527479920183066, "ews": 0.5007715444161437, "ps": 0.244410690880991, "t_r": 12.789722497475116}, "datetime": {"datetime": "2023-08-11 14:51:07", "elapsed": 0.0, "delta": 0.0}}
{"target": -45084.63371217765, "params": {"A": 39.42714718867424, "D": 2.3615830455851605, "S": 0.852580652524493, "T": 1.5053192707702843, "b_prob": 0.3018240027093453, "ews": 0.26029141598289385, "ps": 0.4228141225757177, "t_r": 12.358499234571402}, "datetime": {"datetime": "2023-08-11 14:51:08", "elapsed": 0.0, "delta": 0.0}}
{"target": -17134.674009452418, "params": {"A": 39.393822659960556, "D": 2.3254291757966947, "S": 0.965821466637727, "T": 0.9772070382081633, "b_prob": 0.2559791324429256, "ews": 0.44822326342476404, "ps": 0.31849939663362015, "t_r": 13.17593862096488}, "datetime": {"datetime": "2023-08-11 14:51:09", "elapsed": 0.0, "delta": 0.0}}
{"target": -39998.674297699785, "params": {"A": 39.57738783720166, "D": 2.196855085244684, "S": 0.7132822631408733, "T": 1.6795706960371286, "b_prob": 0.3489465643524716, "ews": 0.8664537072120296, "ps": 0.46156529197319207, "t_r": 11.778366955875043}, "datetime": {"datetime": "2023-08-11 14:51:09", "elapsed": 0.0, "delta": 0.0}}
{"target": -139744.28375923514, "params": {"A": 39.905675221746755, "D": 1.6341033026173353, "S": 0.5975512918651551, "T": 1.3702406876926623, "b_prob": 0.28839284197907844, "ews": 0.8151932269067714, "ps": 0.49678082285409153, "t_r": 11.754859060287437}, "datetime": {"datetime": "2023-08-11 14:51:10", "elapsed": 0.0, "delta": 0.0}}
{"target": -40748.16688036658, "params": {"A": 39.530394343503, "D": 2.3942678073711487, "S": 0.8033238973159507, "T": 1.9377885275092384, "b_prob": 0.36936694175192036, "ews": 0.6384712542271245, "ps": 0.7779794899337771, "t_r": 11.512627268662508}, "datetime": {"datetime": "2023-08-11 14:51:11", "elapsed": 0.0, "delta": 0.0}}
{"target": -104313.46501088703, "params": {"A": 39.756612218861974, "D": 2.8131382705940418, "S": 0.9542442340896287, "T": 1.5910006285064622, "b_prob": 0.3932041503622932, "ews": 0.6530600681432942, "ps": 0.24301590170146914, "t_r": 11.201194769972544}, "datetime": {"datetime": "2023-08-11 14:51:11", "elapsed": 0.0, "delta": 0.0}}
{"target": -18724.331552494874, "params": {"A": 39.546960361784244, "D": 1.6649419302104747, "S": 0.7584804882834085, "T": 2.0775723195205513, "b_prob": 0.2715125003820062, "ews": 0.7874367996180909, "ps": 0.04313910486662076, "t_r": 13.179940002442542}, "datetime": {"datetime": "2023-08-11 14:51:12", "elapsed": 0.0, "delta": 0.0}}
{"target": -123029.48062568797, "params": {"A": 39.867599857303105, "D": 1.3275072436145376, "S": 0.5850334135252294, "T": 1.7833900231042186, "b_prob": 0.3881834452313443, "ews": 0.29954956375483455, "ps": 0.5511051230568038, "t_r": 13.71537527932937}, "datetime": {"datetime": "2023-08-11 14:51:13", "elapsed": 0.0, "delta": 0.0}}
{"target": -114102.57747603017, "params": {"A": 37.403854028826274, "D": 1.6486339716090144, "S": 0.36433677662697184, "T": 0.7268463776509557, "b_prob": 0.39206727881717374, "ews": 0.8148191085244907, "ps": 0.3649748399127555, "t_r": 12.82954574122878}, "datetime": {"datetime": "2023-08-11 14:51:14", "elapsed": 0.0, "delta": 0.0}}
{"target": -116649.5527975717, "params": {"A": 39.36135935773996, "D": 2.6424128642565123, "S": 0.12282379883319008, "T": 1.8905822643181056, "b_prob": 0.3002968470675729, "ews": 0.07820250362638703, "ps": 0.7264770098891065, "t_r": 11.365322330563824}, "datetime": {"datetime": "2023-08-11 14:51:14", "elapsed": 0.0, "delta": 0.0}}
{"target": -31307.20906651843, "params": {"A": 39.22129649816651, "D": 1.512673225338891, "S": 0.9827619514825318, "T": 2.659796572705675, "b_prob": 0.3207967515756056, "ews": 0.6497188439879339, "ps": 0.7784796462138667, "t_r": 12.627296083231458}, "datetime": {"datetime": "2023-08-11 14:51:15", "elapsed": 0.0, "delta": 0.0}}
{"target": -82954.31628004534, "params": {"A": 39.89136590568441, "D": 1.2851986536249433, "S": 0.6829592242506102, "T": 2.5428736098838582, "b_prob": 0.38073430999516755, "ews": 0.8235825985958279, "ps": 0.805065544212637, "t_r": 12.483452698570066}, "datetime": {"datetime": "2023-08-11 14:51:16", "elapsed": 0.0, "delta": 0.0}}
{"target": -60153.466422618934, "params": {"A": 39.08838912586676, "D": 1.4116754517316141, "S": 0.9328679067524686, "T": 2.7890060351542036, "b_prob": 0.3005905222373258, "ews": 0.8555398692039046, "ps": 0.2900245433628895, "t_r": 12.005273441520702}, "datetime": {"datetime": "2023-08-11 14:51:16", "elapsed": 0.0, "delta": 0.0}}
{"target": -32446.828570566882, "params": {"A": 38.826834275846466, "D": 2.0238949503111816, "S": 0.28416628690665957, "T": 2.726790037890452, "b_prob": 0.30504179720345714, "ews": 0.8858095658154354, "ps": 0.9372787428882168, "t_r": 12.481166528756276}, "datetime": {"datetime": "2023-08-11 14:51:17", "elapsed": 0.0, "delta": 0.0}}
{"target": -88888.48365223629, "params": {"A": 38.527497755359796, "D": 2.2963992982294696, "S": 0.15795004742398502, "T": 2.8055810777462424, "b_prob": 0.3843250877929514, "ews": 0.8700385054228417, "ps": 0.5448220495044064, "t_r": 12.305499531184813}, "datetime": {"datetime": "2023-08-11 14:51:18", "elapsed": 0.0, "delta": 0.0}}
{"target": -134422.22951296685, "params": {"A": 39.350521196420885, "D": 1.5621053822479545, "S": 0.014028256220495111, "T": 2.9702806320028605, "b_prob": 0.3289143974322425, "ews": 0.7457222973411902, "ps": 0.3428279818989425, "t_r": 13.005545251517567}, "datetime": {"datetime": "2023-08-11 14:51:18", "elapsed": 0.0, "delta": 0.0}}
{"target": -98198.31006162571, "params": {"A": 38.86832823571739, "D": 1.3119793074025075, "S": 0.6115952980641199, "T": 2.2941282871277617, "b_prob": 0.26155825543924205, "ews": 0.30330944997360876, "ps": 0.8317474003264401, "t_r": 11.672541856243688}, "datetime": {"datetime": "2023-08-11 14:51:19", "elapsed": 0.0, "delta": 0.0}}
{"target": -135365.0690848376, "params": {"A": 38.79690902502497, "D": 2.7448046398499377, "S": 0.6462575312430505, "T": 0.5383322451290846, "b_prob": 0.39279108387980743, "ews": 0.18510350393176322, "ps": 0.6467371960155958, "t_r": 12.515003073507287}, "datetime": {"datetime": "2023-08-11 14:51:20", "elapsed": 0.0, "delta": 0.0}}
{"target": -61021.70861033382, "params": {"A": 40.42780673217182, "D": 2.5260496953942138, "S": 0.9720900948588442, "T": 1.3185216702227114, "b_prob": 0.22709988548944038, "ews": 0.7362549860599694, "ps": 0.5474038899968124, "t_r": 13.266880428331191}, "datetime": {"datetime": "2023-08-11 14:51:21", "elapsed": 0.0, "delta": 0.0}}
{"target": -80228.080129588, "params": {"A": 39.92131101031224, "D": 2.7844574102152, "S": 0.7003595117459385, "T": 2.810508567165965, "b_prob": 0.32242334782403664, "ews": 0.43573774778254293, "ps": 0.7377038962855331, "t_r": 12.433554588159573}, "datetime": {"datetime": "2023-08-11 14:51:21", "elapsed": 0.0, "delta": 0.0}}
{"target": -82895.11588054497, "params": {"A": 38.86689132310509, "D": 1.989061891709759, "S": 0.5968611145075085, "T": 2.648506349906013, "b_prob": 0.2906927513236913, "ews": 0.8103444629115155, "ps": 0.3098460719564975, "t_r": 11.904174863175697}, "datetime": {"datetime": "2023-08-11 14:51:22", "elapsed": 0.0, "delta": 0.0}}
{"target": -43634.79660452616, "params": {"A": 39.713138479096834, "D": 2.7577243329210632, "S": 0.15089524347054678, "T": 1.2992196150472206, "b_prob": 0.3076334808558193, "ews": 0.8673838222133101, "ps": 0.3101419150099385, "t_r": 13.595732227283673}, "datetime": {"datetime": "2023-08-11 14:51:23", "elapsed": 0.0, "delta": 0.0}}
{"target": -45277.86326660961, "params": {"A": 36.64659156363256, "D": 3.289358929157226, "S": 0.3136498855008903, "T": 2.362630365410183, "b_prob": 0.2235947351720664, "ews": 0.691309936815404, "ps": 0.4740969166516207, "t_r": 12.065578224708148}, "datetime": {"datetime": "2023-08-11 14:51:24", "elapsed": 0.0, "delta": 0.0}}
{"target": -43741.72711687716, "params": {"A": 36.36174525924992, "D": 3.1771976123007106, "S": 0.43642471348464884, "T": 2.5801935352542635, "b_prob": 0.32409266869074643, "ews": 0.8165019508938899, "ps": 0.7917612011449747, "t_r": 12.174985685709794}, "datetime": {"datetime": "2023-08-11 14:51:24", "elapsed": 0.0, "delta": 0.0}}
{"target": -65897.5385419188, "params": {"A": 36.12561829940651, "D": 3.4011269320783364, "S": 0.7326024796490356, "T": 2.2295085842880584, "b_prob": 0.23679523941280564, "ews": 0.7823301910853144, "ps": 0.9388828263471208, "t_r": 11.975823618001428}, "datetime": {"datetime": "2023-08-11 14:51:25", "elapsed": 0.0, "delta": 0.0}}
{"target": -117875.42001640062, "params": {"A": 36.97812436535033, "D": 2.918707456190907, "S": 0.6009039823266333, "T": 2.474734031428058, "b_prob": 0.38164245356542287, "ews": 0.08879059294391622, "ps": 0.9182337838521312, "t_r": 11.88753045061021}, "datetime": {"datetime": "2023-08-11 14:51:26", "elapsed": 0.0, "delta": 0.0}}
{"target": -35712.460430956766, "params": {"A": 36.0298565270804, "D": 2.9086163457774568, "S": 0.9428951864085647, "T": 2.4672759885199578, "b_prob": 0.35214693438024325, "ews": 0.5328316728075047, "ps": 0.39260868478918287, "t_r": 11.85810264107219}, "datetime": {"datetime": "2023-08-11 14:51:27", "elapsed": 0.0, "delta": 0.0}}
{"target": -66495.3902716848, "params": {"A": 35.751589638620736, "D": 3.7715381954648706, "S": 0.9395761612929463, "T": 2.9129933414758185, "b_prob": 0.38020087758343474, "ews": 0.5540878690319546, "ps": 0.5375334751166517, "t_r": 11.734118052293697}, "datetime": {"datetime": "2023-08-11 14:51:27", "elapsed": 0.0, "delta": 0.0}}
{"target": -35630.1608968971, "params": {"A": 36.35052908911582, "D": 3.1865858241790606, "S": 0.36228116681084865, "T": 1.7678909329694052, "b_prob": 0.3025833720889569, "ews": 0.5784079336571256, "ps": 0.7790624562546813, "t_r": 11.587483884936088}, "datetime": {"datetime": "2023-08-11 14:51:28", "elapsed": 0.0, "delta": 0.0}}
{"target": -126142.12488415516, "params": {"A": 36.14144142530424, "D": 3.905309295410047, "S": 0.17447282775689515, "T": 2.085246065784457, "b_prob": 0.30825055941383894, "ews": 0.65843190670372, "ps": 0.5285422338721101, "t_r": 11.419888127962219}, "datetime": {"datetime": "2023-08-11 14:51:29", "elapsed": 0.0, "delta": 0.0}}
{"target": -90778.82238273372, "params": {"A": 36.349117878975754, "D": 2.618736630885956, "S": 0.24316573338947517, "T": 1.616113080038201, "b_prob": 0.25841412057813024, "ews": 0.48324088307813395, "ps": 0.12218282940062819, "t_r": 11.740942986770845}, "datetime": {"datetime": "2023-08-11 14:51:29", "elapsed": 0.0, "delta": 0.0}}
{"target": -27435.472424232397, "params": {"A": 35.829681584364394, "D": 3.2069473813268514, "S": 0.933584690724283, "T": 1.934142635742572, "b_prob": 0.36155068972718235, "ews": 0.4551212093294178, "ps": 0.8518661546495507, "t_r": 12.26699551651836}, "datetime": {"datetime": "2023-08-11 14:51:30", "elapsed": 0.0, "delta": 0.0}}
{"target": -41598.95661105662, "params": {"A": 35.778562129496315, "D": 2.7484541828605797, "S": 0.644462995551799, "T": 2.2525898639104684, "b_prob": 0.37770039074481465, "ews": 0.5273572759501359, "ps": 0.4945854044778655, "t_r": 12.769969841352449}, "datetime": {"datetime": "2023-08-11 14:51:31", "elapsed": 0.0, "delta": 0.0}}
{"target": -27216.812650136922, "params": {"A": 35.0754738181496, "D": 3.2679401592634276, "S": 0.9654254255919476, "T": 1.5825397272330632, "b_prob": 0.2687578215882074, "ews": 0.40166554287645684, "ps": 0.479718718124879, "t_r": 12.389990182856101}, "datetime": {"datetime": "2023-08-11 14:51:31", "elapsed": 0.0, "delta": 0.0}}
{"target": -116097.86677937905, "params": {"A": 35.78167751547491, "D": 3.8572397192337675, "S": 0.9566567632030332, "T": 1.7476682273605288, "b_prob": 0.3272038465553023, "ews": 0.0024180686991405187, "ps": 0.417063231192234, "t_r": 12.299145086692098}, "datetime": {"datetime": "2023-08-11 14:51:32", "elapsed": 0.0, "delta": 0.0}}
{"target": -131564.6608963262, "params": {"A": 35.10988269687397, "D": 2.6957708430955294, "S": 0.339370304614369, "T": 1.4802882392504564, "b_prob": 0.2342321172920616, "ews": 0.5213669082347908, "ps": 0.7879294610459802, "t_r": 12.346440989115216}, "datetime": {"datetime": "2023-08-11 14:51:33", "elapsed": 0.0, "delta": 0.0}}
{"target": -28087.70644264432, "params": {"A": 35.438371084974385, "D": 3.153283126058515, "S": 0.9106721157769688, "T": 1.7357125736778176, "b_prob": 0.2820143078243458, "ews": 0.9451834989456587, "ps": 0.9578381764638972, "t_r": 11.56315633925696}, "datetime": {"datetime": "2023-08-11 14:51:34", "elapsed": 0.0, "delta": 0.0}}
{"target": -147017.77350955264, "params": {"A": 35.25741733485255, "D": 3.2768646652671296, "S": 0.9152573761506748, "T": 1.4380530247246446, "b_prob": 0.28830446027492873, "ews": 0.9332077165477513, "ps": 0.8160119139421973, "t_r": 10.96629807921118}, "datetime": {"datetime": "2023-08-11 14:51:35", "elapsed": 0.0, "delta": 0.0}}
{"target": -32760.90409756415, "params": {"A": 36.6879020990213, "D": 2.582787861929424, "S": 0.9261596220779454, "T": 2.039767486774844, "b_prob": 0.28065729292743935, "ews": 0.7287306469780229, "ps": 0.1631671206362344, "t_r": 12.564752304172485}, "datetime": {"datetime": "2023-08-11 14:51:35", "elapsed": 0.0, "delta": 0.0}}
{"target": -86798.1504180468, "params": {"A": 35.69380850792505, "D": 3.071100176893226, "S": 0.873362930989103, "T": 1.3928098128002544, "b_prob": 0.38666133416436016, "ews": 0.6344438974409741, "ps": 0.7933325730619505, "t_r": 13.175203529249595}, "datetime": {"datetime": "2023-08-11 14:51:36", "elapsed": 0.0, "delta": 0.0}}
{"target": -95939.88419555832, "params": {"A": 37.006299730841896, "D": 2.811745344948751, "S": 0.8466135807804496, "T": 1.394914616956296, "b_prob": 0.29123075166799145, "ews": 0.30126679075426044, "ps": 0.1660974655049794, "t_r": 12.754285104960227}, "datetime": {"datetime": "2023-08-11 14:51:37", "elapsed": 0.0, "delta": 0.0}}
{"target": -26176.683261121176, "params": {"A": 36.30957423127007, "D": 3.5688548658203256, "S": 0.9234740244244823, "T": 1.3157494495803197, "b_prob": 0.23365527850938406, "ews": 0.9212370968315007, "ps": 0.4457705705904308, "t_r": 11.682378696460047}, "datetime": {"datetime": "2023-08-11 14:51:37", "elapsed": 0.0, "delta": 0.0}}
{"target": -34694.62317649788, "params": {"A": 36.048856676561755, "D": 3.5339741515825223, "S": 0.7250581497014481, "T": 1.1888207039868028, "b_prob": 0.3740371573072912, "ews": 0.7663003751107182, "ps": 0.23300299862061757, "t_r": 11.63295283399366}, "datetime": {"datetime": "2023-08-11 14:51:38", "elapsed": 0.0, "delta": 0.0}}
{"target": -138955.5770331817, "params": {"A": 36.038323432096234, "D": 3.5878809933593567, "S": 0.6055121558566166, "T": 1.3904029953518227, "b_prob": 0.3719022646401501, "ews": 0.701890870505116, "ps": 0.35243945851521685, "t_r": 12.032556057887248}, "datetime": {"datetime": "2023-08-11 14:51:39", "elapsed": 0.0, "delta": 0.0}}
{"target": -133526.49047169538, "params": {"A": 36.125907752224194, "D": 3.1520067024492215, "S": 0.6519044120866935, "T": 1.5582437965311748, "b_prob": 0.3911812399266027, "ews": 0.3926405115841498, "ps": 0.8286726929549684, "t_r": 10.878470420937274}, "datetime": {"datetime": "2023-08-11 14:51:40", "elapsed": 0.0, "delta": 0.0}}
{"target": -107178.34322798574, "params": {"A": 35.879143996224045, "D": 3.3993881363992897, "S": 0.3709901091460899, "T": 2.4425572821790436, "b_prob": 0.32095378996566765, "ews": 0.07231922721853734, "ps": 0.21740981513832902, "t_r": 13.150843191047347}, "datetime": {"datetime": "2023-08-11 14:51:40", "elapsed": 0.0, "delta": 0.0}}
{"target": -72580.92998473482, "params": {"A": 39.2888895578307, "D": 2.327949871761163, "S": 0.8383170937817584, "T": 0.9815352601720788, "b_prob": 0.2198430738865805, "ews": 0.5378924702703631, "ps": 0.4793466033143431, "t_r": 11.58541803304924}, "datetime": {"datetime": "2023-08-11 14:51:41", "elapsed": 0.0, "delta": 0.0}}
{"target": -111984.42416742697, "params": {"A": 35.1089095040595, "D": 3.210648886788525, "S": 0.44317723228426137, "T": 2.163951223787084, "b_prob": 0.3271012825508628, "ews": 0.12345233189721627, "ps": 0.19331516402633087, "t_r": 11.733370374794129}, "datetime": {"datetime": "2023-08-11 14:51:42", "elapsed": 0.0, "delta": 0.0}}
{"target": -49618.428270376004, "params": {"A": 36.531423775941626, "D": 2.116469979392807, "S": 0.5834745276852203, "T": 2.7509083149604834, "b_prob": 0.3120415486266924, "ews": 0.9321888464117948, "ps": 0.35793658100230064, "t_r": 11.639731295524951}, "datetime": {"datetime": "2023-08-11 14:51:43", "elapsed": 0.0, "delta": 0.0}}
{"target": -104863.65076290492, "params": {"A": 36.29592155807006, "D": 2.2031647155797036, "S": 0.8016978623328542, "T": 2.456841154527508, "b_prob": 0.30585049229646105, "ews": 0.04749788898841589, "ps": 0.63876370277367, "t_r": 11.404551193539824}, "datetime": {"datetime": "2023-08-11 14:51:43", "elapsed": 0.0, "delta": 0.0}}
{"target": -148306.68569203178, "params": {"A": 36.85361573983829, "D": 4.444271122581693, "S": 0.9275852086128775, "T": 2.2283366339752515, "b_prob": 0.2642127419584237, "ews": 0.8810048451120536, "ps": 0.7622456757174542, "t_r": 11.255662445170604}, "datetime": {"datetime": "2023-08-11 14:51:44", "elapsed": 0.0, "delta": 0.0}}
{"target": -36429.96671417527, "params": {"A": 38.38817195677589, "D": 3.5154417733909953, "S": 0.21274890680453973, "T": 1.7831941060546503, "b_prob": 0.3371294363742456, "ews": 0.11360679393936624, "ps": 0.6668047502173222, "t_r": 12.264021538687116}, "datetime": {"datetime": "2023-08-11 14:51:45", "elapsed": 0.0, "delta": 0.0}}
{"target": -132011.0042097836, "params": {"A": 38.34332941399428, "D": 3.7467221725978703, "S": 0.5855997895004157, "T": 1.8674904309858147, "b_prob": 0.3132713959047272, "ews": 0.05825704224065087, "ps": 0.4049225787656331, "t_r": 12.355884733637476}, "datetime": {"datetime": "2023-08-11 14:51:45", "elapsed": 0.0, "delta": 0.0}}
{"target": -32663.840141723726, "params": {"A": 38.42180304135884, "D": 3.022696782038993, "S": 0.08492238704677614, "T": 2.3301691808977534, "b_prob": 0.31894074273855344, "ews": 0.5029242488270197, "ps": 0.279102406161568, "t_r": 11.717706537909928}, "datetime": {"datetime": "2023-08-11 14:51:46", "elapsed": 0.0, "delta": 0.0}}
{"target": -129558.30880746715, "params": {"A": 38.47016360532366, "D": 2.985055968591713, "S": 0.4429433535787942, "T": 2.5714829116135496, "b_prob": 0.26343996453548796, "ews": 0.3340411714688546, "ps": 0.7902740966219355, "t_r": 11.486195869685686}, "datetime": {"datetime": "2023-08-11 14:51:47", "elapsed": 0.0, "delta": 0.0}}
{"target": -34587.48904610287, "params": {"A": 38.239370977871246, "D": 3.1350247736277574, "S": 0.0787311762398445, "T": 1.6736788660383002, "b_prob": 0.3943816049247474, "ews": 0.49680410202748426, "ps": 0.733315671580485, "t_r": 11.231069355032902}, "datetime": {"datetime": "2023-08-11 14:51:47", "elapsed": 0.0, "delta": 0.0}}
{"target": -34241.28684146061, "params": {"A": 38.211887667154045, "D": 3.4841830398043956, "S": 0.3912899643640739, "T": 1.4320974379536964, "b_prob": 0.3019746245620114, "ews": 0.6879783903290023, "ps": 0.26945915014885125, "t_r": 11.843363817498936}, "datetime": {"datetime": "2023-08-11 14:51:48", "elapsed": 0.0, "delta": 0.0}}
{"target": -64974.82040149186, "params": {"A": 38.238101472638604, "D": 2.9361075172309294, "S": 0.9108847931889889, "T": 1.616905504114909, "b_prob": 0.2440185578733748, "ews": 0.31344588654716854, "ps": 0.3281537010439891, "t_r": 11.493669449212954}, "datetime": {"datetime": "2023-08-11 14:51:48", "elapsed": 0.0, "delta": 0.0}}
{"target": -46402.43569440585, "params": {"A": 38.073351519132345, "D": 2.6049172529501265, "S": 0.37223002306669334, "T": 1.3931318814340554, "b_prob": 0.3833778797287038, "ews": 0.1200128295555486, "ps": 0.8658376030768883, "t_r": 10.806624829068635}, "datetime": {"datetime": "2023-08-11 14:51:49", "elapsed": 0.0, "delta": 0.0}}
{"target": -34478.39254619316, "params": {"A": 37.71180188379568, "D": 3.422566744181647, "S": 0.046835807245455496, "T": 1.1206717594407594, "b_prob": 0.2601714883605919, "ews": 0.09569946980968302, "ps": 0.39920664886874324, "t_r": 12.188260994733756}, "datetime": {"datetime": "2023-08-11 14:51:50", "elapsed": 0.0, "delta": 0.0}}
{"target": -122321.52262236216, "params": {"A": 38.310459661572686, "D": 4.049547007519328, "S": 0.3836469951102683, "T": 1.67153849068043, "b_prob": 0.32066826187255704, "ews": 0.7593352992766397, "ps": 0.27096507917174883, "t_r": 11.06071965590193}, "datetime": {"datetime": "2023-08-11 14:51:50", "elapsed": 0.0, "delta": 0.0}}
{"target": -30165.653913694892, "params": {"A": 38.67419023466253, "D": 2.9394379637510526, "S": 0.38541607492108687, "T": 1.33193903714212, "b_prob": 0.31167471426977855, "ews": 0.9201345057308465, "ps": 0.4850283295403782, "t_r": 10.564713494808267}, "datetime": {"datetime": "2023-08-11 14:51:51", "elapsed": 0.0, "delta": 0.0}}
{"target": -122108.73424716553, "params": {"A": 39.29312330352538, "D": 2.561457587818224, "S": 0.04797167906784986, "T": 0.9733045475330266, "b_prob": 0.3527941104471188, "ews": 0.8987649479306554, "ps": 0.13909600684449785, "t_r": 10.62801620843354}, "datetime": {"datetime": "2023-08-11 14:51:52", "elapsed": 0.0, "delta": 0.0}}
{"target": -71418.51949733931, "params": {"A": 38.16011266661875, "D": 3.4287214356904583, "S": 0.6964260802315718, "T": 1.0740454207730044, "b_prob": 0.39596568468811255, "ews": 0.3645568992350354, "ps": 0.7196586063997715, "t_r": 10.33506632148576}, "datetime": {"datetime": "2023-08-11 14:51:52", "elapsed": 0.0, "delta": 0.0}}
