{"target": -136888.56710858966, "params": {"A": 52.03191610298302, "D": 3.8325912904724193, "S": 0.2979956915238149, "T": 1.7770690129941575, "b_prob": 0.378589390869531, "ews": 0.8962930889334381, "ps": 0.12558531046383625, "t_r": 3.694157415796428}, "datetime": {"datetime": "2023-08-11 14:46:20", "elapsed": 0.0, "delta": 0.0}}
{"target": -86057.68333972279, "params": {"A": 36.609157635781635, "D": 2.879306897672338, "S": 0.6882467612410134, "T": 1.2793674860081214, "b_prob": 0.2647728107781595, "ews": 0.8007093874487079, "ps": 0.008489880542820738, "t_r": 13.881294556983867}, "datetime": {"datetime": "2023-08-11 14:48:48", "elapsed": 0.0, "delta": 0.0}}
{"target": -86393.56224937558, "params": {"A": 36.614194310464974, "D": 2.8796267830212345, "S": 0.688293786099745, "T": 1.2796270262176204, "b_prob": 0.2647932084474673, "ews": 0.8007394484448312, "ps": 0.008639439929866826, "t_r": 13.881312462512968}, "datetime": {"datetime": "2023-08-11 14:49:01", "elapsed": 0.0, "delta": 0.0}}
{"target": -84403.50668523973, "params": {"A": 35.59796905775781, "D": 2.4805006878033344, "S": 0.477851996041548, "T": 0.9045439296845893, "b_prob": 0.254776554935304, "ews": 0.2103054471648722, "ps": 0.05745050932177531, "t_r": 13.22439846387084}, "datetime": {"datetime": "2023-08-11 14:50:21", "elapsed": 0.0, "delta": 0.0}}
{"target": -58755.3268144902, "params": {"A": 35.83135682158901, "D": 1.975314621994496, "S": 0.6771249438425256, "T": 1.604233259583258, "b_prob": 0.2673121207375944, "ews": 0.13591274877065163, "ps": 0.13688239164955684, "t_r": 13.212721357914402}, "datetime": {"datetime": "2023-08-11 14:50:21", "elapsed": 0.0, "delta": 0.0}}
{"target": -65700.90486822903, "params": {"A": 35.74201546941337, "D": 1.515726913804528, "S": 0.7123212295642386, "T": 1.4854961457858415, "b_prob": 0.30326895232602685, "ews": 0.42182028807992256, "ps": 0.046939704082481826, "t_r": 13.341523721004673}, "datetime": {"datetime": "2023-08-11 14:50:22", "elapsed": 0.0, "delta": 0.0}}
{"target": -79916.48612434899, "params": {"A": 35.73513597446302, "D": 1.9465399103324752, "S": 0.11305211288075376, "T": 2.024843037240669, "b_prob": 0.36791805627981833, "ews": 0.058841203414544796, "ps": 0.09659373701125529, "t_r": 12.690343473660707}, "datetime": {"datetime": "2023-08-11 14:50:23", "elapsed": 0.0, "delta": 0.0}}
{"target": -120859.74071903956, "params": {"A": 34.966686910785015, "D": 1.8703450898823206, "S": 0.6083378110584436, "T": 1.858860941355517, "b_prob": 0.259650214236511, "ews": 0.5324497179619253, "ps": 0.015323197203745753, "t_r": 13.908949122631807}, "datetime": {"datetime": "2023-08-11 14:50:23", "elapsed": 0.0, "delta": 0.0}}
{"target": -85584.23415895892, "params": {"A": 35.8414442510848, "D": 1.3353324914539142, "S": 0.6008309757638748, "T": 1.9158628810820133, "b_prob": 0.21942474379994237, "ews": 0.8179401686413065, "ps": 0.03013088784740503, "t_r": 12.793948860496464}, "datetime": {"datetime": "2023-08-11 14:50:24", "elapsed": 0.0, "delta": 0.0}}
{"target": -112415.93857093251, "params": {"A": 36.082242633558764, "D": 1.0785486057052154, "S": 0.822609701513125, "T": 1.1574983005584514, "b_prob": 0.38179057619490664, "ews": 0.08694319789858984, "ps": 0.23184318060892473, "t_r": 13.650658513697888}, "datetime": {"datetime": "2023-08-11 14:50:25", "elapsed": 0.0, "delta": 0.0}}
{"target": -114247.44929210025, "params": {"A": 35.391676339277524, "D": 1.9145910832365134, "S": 0.8834161633809283, "T": 2.1470079374164435, "b_prob": 0.33720187637825827, "ews": 0.1355292332971526, "ps": 0.25752485951117965, "t_r": 12.48391540550798}, "datetime": {"datetime": "2023-08-11 14:50:26", "elapsed": 0.0, "delta": 0.0}}
{"target": -65856.78767277942, "params": {"A": 36.48406622702164, "D": 2.290553800450072, "S": 0.40363692314666466, "T": 2.4812867987465554, "b_prob": 0.2618102272820002, "ews": 0.6466666882429438, "ps": 0.058818623582861496, "t_r": 13.549452310042723}, "datetime": {"datetime": "2023-08-11 14:50:26", "elapsed": 0.0, "delta": 0.0}}
{"target": -62059.28181945823, "params": {"A": 37.02614899833477, "D": 2.557732540436447, "S": 0.3353308440560494, "T": 2.8530221288504816, "b_prob": 0.20328949300644739, "ews": 0.9754367359001309, "ps": 0.4402045330910588, "t_r": 13.025730845788916}, "datetime": {"datetime": "2023-08-11 14:50:27", "elapsed": 0.0, "delta": 0.0}}
{"target": -60728.807822841976, "params": {"A": 36.938960047617606, "D": 2.204621623256514, "S": 0.2866035733696641, "T": 2.2385757299555102, "b_prob": 0.26793025061578823, "ews": 0.46117550193455803, "ps": 0.9427919257911214, "t_r": 13.189149592138254}, "datetime": {"datetime": "2023-08-11 14:50:28", "elapsed": 0.0, "delta": 0.0}}
{"target": -72385.43118627151, "params": {"A": 37.261848012459794, "D": 1.91809157959098, "S": 0.28785106676056704, "T": 2.4545603056725067, "b_prob": 0.3180894050316355, "ews": 0.17107214192095244, "ps": 0.5229903260545413, "t_r": 13.641783424454411}, "datetime": {"datetime": "2023-08-11 14:50:29", "elapsed": 0.0, "delta": 0.0}}
{"target": -144526.18443064077, "params": {"A": 37.46326505998833, "D": 1.8152265277069288, "S": 0.7092716442125445, "T": 2.7268665727919505, "b_prob": 0.24439595194836405, "ews": 0.8458732497780991, "ps": 0.44690627863808996, "t_r": 13.370342442974437}, "datetime": {"datetime": "2023-08-11 14:50:29", "elapsed": 0.0, "delta": 0.0}}
{"target": -75220.67513809359, "params": {"A": 37.31476449476018, "D": 1.9282066619543285, "S": 0.03041133364353754, "T": 2.185396153567994, "b_prob": 0.26806708067420565, "ews": 0.32011166288784865, "ps": 0.2295913066930938, "t_r": 13.314227088021882}, "datetime": {"datetime": "2023-08-11 14:50:30", "elapsed": 0.0, "delta": 0.0}}
{"target": -68987.61856900447, "params": {"A": 37.59497034362465, "D": 2.825558842270689, "S": 0.24409105078202098, "T": 1.994561185866684, "b_prob": 0.20710871844571127, "ews": 0.6200471259387984, "ps": 0.7501106831599285, "t_r": 13.288249291527789}, "datetime": {"datetime": "2023-08-11 14:50:31", "elapsed": 0.0, "delta": 0.0}}
{"target": -63599.09656185119, "params": {"A": 37.59999130687315, "D": 3.517984834177597, "S": 0.4963095332317042, "T": 2.0155488832387536, "b_prob": 0.3599515997436439, "ews": 0.5750042390649436, "ps": 0.68094471973856, "t_r": 13.036529319429015}, "datetime": {"datetime": "2023-08-11 14:50:32", "elapsed": 0.0, "delta": 0.0}}
{"target": -80990.84870054576, "params": {"A": 37.06775331895386, "D": 3.8343568643197474, "S": 0.7237350535144618, "T": 2.070936584434004, "b_prob": 0.3071288998670126, "ews": 0.8788484048124237, "ps": 0.6415215315596097, "t_r": 13.076679128245186}, "datetime": {"datetime": "2023-08-11 14:50:32", "elapsed": 0.0, "delta": 0.0}}
{"target": -37550.88140673197, "params": {"A": 37.91985609689704, "D": 3.9015104451769216, "S": 0.36199339728302377, "T": 2.2675479116884762, "b_prob": 0.2995455817190869, "ews": 0.9865895297768393, "ps": 0.9929794697464692, "t_r": 13.011316544016923}, "datetime": {"datetime": "2023-08-11 14:50:33", "elapsed": 0.0, "delta": 0.0}}
{"target": -127383.90365081614, "params": {"A": 37.67724136875954, "D": 3.981096171479566, "S": 0.05773769635642533, "T": 1.717541081933302, "b_prob": 0.3304908994329815, "ews": 0.23562108122234093, "ps": 0.7644791114703874, "t_r": 12.980979635653016}, "datetime": {"datetime": "2023-08-11 14:50:34", "elapsed": 0.0, "delta": 0.0}}
{"target": -43109.24970540853, "params": {"A": 38.42794701030952, "D": 3.2605145705749528, "S": 0.5622561617521058, "T": 2.2612421354793373, "b_prob": 0.26234800456134244, "ews": 0.8754119133558205, "ps": 0.9974003434192641, "t_r": 12.417001948498218}, "datetime": {"datetime": "2023-08-11 14:50:35", "elapsed": 0.0, "delta": 0.0}}
{"target": -34416.36401451484, "params": {"A": 38.02576775827515, "D": 3.795633716633342, "S": 0.5571703017778667, "T": 2.45466934534838, "b_prob": 0.31705297574218116, "ews": 0.7305300364577939, "ps": 0.7413508876493339, "t_r": 11.859261483690469}, "datetime": {"datetime": "2023-08-11 14:50:35", "elapsed": 0.0, "delta": 0.0}}
{"target": -39281.69536201672, "params": {"A": 37.83795348555886, "D": 4.0765313780137085, "S": 0.8602538061443894, "T": 2.2933016415186795, "b_prob": 0.3920900509844425, "ews": 0.32382715276492136, "ps": 0.9349824730561289, "t_r": 12.30057589440024}, "datetime": {"datetime": "2023-08-11 14:50:36", "elapsed": 0.0, "delta": 0.0}}
{"target": -30768.826669045997, "params": {"A": 37.968883058573994, "D": 3.7576947365403117, "S": 0.7079894241500023, "T": 2.554747965070461, "b_prob": 0.34708587545912106, "ews": 0.8784775098936577, "ps": 0.9393352942375374, "t_r": 12.491550939428377}, "datetime": {"datetime": "2023-08-11 14:50:37", "elapsed": 0.0, "delta": 0.0}}
{"target": -28671.16816135566, "params": {"A": 38.29443558914049, "D": 4.083858200726395, "S": 0.7474840266525533, "T": 2.131976022721514, "b_prob": 0.2537273596235659, "ews": 1.0, "ps": 1.0, "t_r": 12.299702488391208}, "datetime": {"datetime": "2023-08-11 14:50:37", "elapsed": 0.0, "delta": 0.0}}
{"target": -65659.76766267397, "params": {"A": 38.53606695713209, "D": 4.13910817818951, "S": 0.5470502381596573, "T": 2.7086179779165787, "b_prob": 0.2, "ews": 0.6412390163422448, "ps": 1.0, "t_r": 12.371802823047247}, "datetime": {"datetime": "2023-08-11 14:50:38", "elapsed": 0.0, "delta": 0.0}}
{"target": -23228.652803450856, "params": {"A": 37.853922098476055, "D": 3.643317666699227, "S": 0.9742333441331564, "T": 2.0009658322853388, "b_prob": 0.4, "ews": 0.9978116018593721, "ps": 1.0, "t_r": 12.111726792546527}, "datetime": {"datetime": "2023-08-11 14:50:39", "elapsed": 0.0, "delta": 0.0}}
{"target": -55894.284487845114, "params": {"A": 37.68039326566623, "D": 4.283994236731164, "S": 1.0, "T": 2.301007616006059, "b_prob": 0.4, "ews": 1.0, "ps": 1.0, "t_r": 11.81497925023931}, "datetime": {"datetime": "2023-08-11 14:50:40", "elapsed": 0.0, "delta": 0.0}}
{"target": -120149.11956885671, "params": {"A": 38.17193396945314, "D": 3.710742081284945, "S": 1.0, "T": 2.0794490762173594, "b_prob": 0.4, "ews": 1.0, "ps": 0.4026433113797229, "t_r": 12.344185601558713}, "datetime": {"datetime": "2023-08-11 14:50:41", "elapsed": 0.0, "delta": 0.0}}
{"target": -26143.18537768183, "params": {"A": 37.41105722644572, "D": 4.033610678489894, "S": 0.4647859227449769, "T": 2.8771809979915477, "b_prob": 0.3853537864123775, "ews": 0.5738921833562517, "ps": 0.99916114397803, "t_r": 12.13445363604391}, "datetime": {"datetime": "2023-08-11 14:50:41", "elapsed": 0.0, "delta": 0.0}}
{"target": -46591.59758880941, "params": {"A": 37.107423269145855, "D": 4.007175861892858, "S": 0.8007950412008165, "T": 2.688203780936443, "b_prob": 0.341702445268281, "ews": 0.5551165310642673, "ps": 0.7443632582138978, "t_r": 11.699432675642928}, "datetime": {"datetime": "2023-08-11 14:50:42", "elapsed": 0.0, "delta": 0.0}}
{"target": -106630.18422266364, "params": {"A": 37.77411621560208, "D": 3.1889494726903957, "S": 0.4953396773172696, "T": 2.9113725439884943, "b_prob": 0.2901381680192635, "ews": 0.9350959136893537, "ps": 0.7439969180959011, "t_r": 11.70663774322773}, "datetime": {"datetime": "2023-08-11 14:50:43", "elapsed": 0.0, "delta": 0.0}}
{"target": -127930.50023405965, "params": {"A": 37.58798980469312, "D": 4.224229047784782, "S": 0.43177543984461936, "T": 1.7658454861145723, "b_prob": 0.3552232474098982, "ews": 0.819392515633817, "ps": 0.9269324573590116, "t_r": 11.835784277171344}, "datetime": {"datetime": "2023-08-11 14:50:44", "elapsed": 0.0, "delta": 0.0}}
{"target": -74465.43595636453, "params": {"A": 38.30178325733651, "D": 4.33829362221554, "S": 0.3037704791026462, "T": 2.45427307823473, "b_prob": 0.20857450818468054, "ews": 0.10742794203842765, "ps": 0.8225912255818831, "t_r": 11.497703169072972}, "datetime": {"datetime": "2023-08-11 14:50:44", "elapsed": 0.0, "delta": 0.0}}
{"target": -148146.58007843007, "params": {"A": 37.59512923817492, "D": 4.505995371547093, "S": 0.6426317713770541, "T": 2.255452992445759, "b_prob": 0.3947389574212863, "ews": 0.1961907681238665, "ps": 0.461766465317203, "t_r": 12.02976034082759}, "datetime": {"datetime": "2023-08-11 14:50:45", "elapsed": 0.0, "delta": 0.0}}
{"target": -33888.35063919308, "params": {"A": 38.96694338567722, "D": 3.097964078832179, "S": 0.6364905804609858, "T": 2.433084479624383, "b_prob": 0.28118654200134335, "ews": 0.09458962141745475, "ps": 0.8617293424460997, "t_r": 12.89228788501843}, "datetime": {"datetime": "2023-08-11 14:50:46", "elapsed": 0.0, "delta": 0.0}}
{"target": -31590.7077939132, "params": {"A": 39.19398480805849, "D": 3.3431084449665027, "S": 0.7379865813915222, "T": 1.7983759027389352, "b_prob": 0.2685139453561438, "ews": 0.047296952001864234, "ps": 0.6889019353148194, "t_r": 13.349225560787115}, "datetime": {"datetime": "2023-08-11 14:50:46", "elapsed": 0.0, "delta": 0.0}}
{"target": -55585.325615247246, "params": {"A": 39.356778073175, "D": 3.322520476746198, "S": 0.482112656843124, "T": 1.1074566130895112, "b_prob": 0.21663418085741312, "ews": 0.2297986745032672, "ps": 0.3837369571511804, "t_r": 13.219463020692196}, "datetime": {"datetime": "2023-08-11 14:50:47", "elapsed": 0.0, "delta": 0.0}}
{"target": -106901.56229370406, "params": {"A": 38.85233264762045, "D": 2.906578114280205, "S": 0.7059163687602625, "T": 1.5931612816131675, "b_prob": 0.3567863181951444, "ews": 0.1291877263955986, "ps": 0.012265595177501143, "t_r": 12.911799979885853}, "datetime": {"datetime": "2023-08-11 14:50:48", "elapsed": 0.0, "delta": 0.0}}
{"target": -131725.7671298015, "params": {"A": 39.18839828645087, "D": 3.9385896655803627, "S": 0.9780702332123457, "T": 2.1280098393254305, "b_prob": 0.3131434009078006, "ews": 0.48157915257002704, "ps": 0.9273612759686022, "t_r": 13.842252757950405}, "datetime": {"datetime": "2023-08-11 14:50:48", "elapsed": 0.0, "delta": 0.0}}
{"target": -134703.17441655157, "params": {"A": 39.80620051062715, "D": 3.5257515743031522, "S": 0.45274697774574835, "T": 0.8644753929325382, "b_prob": 0.24296566772407469, "ews": 0.561181315796083, "ps": 0.6937781088395373, "t_r": 13.216623611925016}, "datetime": {"datetime": "2023-08-11 14:50:49", "elapsed": 0.0, "delta": 0.0}}
{"target": -62145.83383803366, "params": {"A": 38.84770872248707, "D": 3.768196294689197, "S": 0.15127385918508285, "T": 2.877517768661956, "b_prob": 0.26566370864748, "ews": 0.2358283719758909, "ps": 0.5234794743017415, "t_r": 13.234858305735173}, "datetime": {"datetime": "2023-08-11 14:50:50", "elapsed": 0.0, "delta": 0.0}}
{"target": -135305.7644129452, "params": {"A": 38.86862338526425, "D": 3.9057458794479007, "S": 0.6101232096055332, "T": 2.0582440296469904, "b_prob": 0.36008114584441486, "ews": 0.16393264953253373, "ps": 0.11255592643605594, "t_r": 13.195769814307516}, "datetime": {"datetime": "2023-08-11 14:50:51", "elapsed": 0.0, "delta": 0.0}}
{"target": -25412.50244249464, "params": {"A": 38.52328726649811, "D": 2.850400746700569, "S": 0.9472215789510154, "T": 1.5131086386806682, "b_prob": 0.313862325625512, "ews": 0.5963807017406015, "ps": 0.9760437263072499, "t_r": 13.51805274429552}, "datetime": {"datetime": "2023-08-11 14:50:51", "elapsed": 0.0, "delta": 0.0}}
{"target": -71448.51918492341, "params": {"A": 38.19109799038823, "D": 2.4548762468810326, "S": 0.7711102207421071, "T": 1.0741252282685372, "b_prob": 0.3630299846159679, "ews": 0.13299156698725667, "ps": 0.8748837309098781, "t_r": 13.955218453669168}, "datetime": {"datetime": "2023-08-11 14:50:52", "elapsed": 0.0, "delta": 0.0}}
{"target": -66878.1295663376, "params": {"A": 38.319498631949884, "D": 2.7381464933398547, "S": 0.29414081019039096, "T": 1.6916934525236187, "b_prob": 0.2836862615585975, "ews": 0.26346218015871614, "ps": 0.36162490453347085, "t_r": 13.739372982441546}, "datetime": {"datetime": "2023-08-11 14:50:53", "elapsed": 0.0, "delta": 0.0}}
{"target": -50874.70910746702, "params": {"A": 38.40006070940445, "D": 3.198500563647708, "S": 0.45824323935362, "T": 2.797082458829079, "b_prob": 0.3791629943056345, "ews": 0.8278334050742963, "ps": 0.8944199555662351, "t_r": 13.78421071021505}, "datetime": {"datetime": "2023-08-11 14:50:54", "elapsed": 0.0, "delta": 0.0}}
{"target": -17664.09941869298, "params": {"A": 38.12962205914513, "D": 2.4167363800973285, "S": 0.8684867394394764, "T": 1.1927393806941455, "b_prob": 0.3222433817016385, "ews": 0.6603614210785982, "ps": 0.13327351772623763, "t_r": 13.786733560332035}, "datetime": {"datetime": "2023-08-11 14:50:54", "elapsed": 0.0, "delta": 0.0}}
{"target": -26459.8726920133, "params": {"A": 38.117056337216894, "D": 2.1623304464828266, "S": 0.9927180310612689, "T": 0.7201082738958118, "b_prob": 0.38464666944439824, "ews": 0.7811965963873061, "ps": 0.34480983400608056, "t_r": 13.710422062846432}, "datetime": {"datetime": "2023-08-11 14:50:55", "elapsed": 0.0, "delta": 0.0}}
{"target": -114967.81662337916, "params": {"A": 38.411235051609985, "D": 3.295162203342281, "S": 0.5514644829165748, "T": 1.0110945738866857, "b_prob": 0.2448897752397856, "ews": 0.5312638819496791, "ps": 0.13449363976240647, "t_r": 13.541782676395032}, "datetime": {"datetime": "2023-08-11 14:50:56", "elapsed": 0.0, "delta": 0.0}}
{"target": -28157.06846166877, "params": {"A": 37.563952605343566, "D": 1.9295558248965543, "S": 0.4208009719751986, "T": 1.4511093211364565, "b_prob": 0.3335421299428799, "ews": 0.6018196005624536, "ps": 0.8070923300444419, "t_r": 13.553491978009784}, "datetime": {"datetime": "2023-08-11 14:50:57", "elapsed": 0.0, "delta": 0.0}}
{"target": -132722.7782031527, "params": {"A": 37.36203116899262, "D": 2.6046765263071467, "S": 0.6876391129606378, "T": 1.3974565708334827, "b_prob": 0.20337337406191128, "ews": 0.5843282563334526, "ps": 0.7342450988518996, "t_r": 13.75327877227439}, "datetime": {"datetime": "2023-08-11 14:50:57", "elapsed": 0.0, "delta": 0.0}}
{"target": -89702.74272654824, "params": {"A": 37.706104585635046, "D": 1.7356706710242809, "S": 0.975684017811775, "T": 1.7017691279951037, "b_prob": 0.22476124632146371, "ews": 0.26606620295163586, "ps": 0.8665203463926671, "t_r": 13.625739510904891}, "datetime": {"datetime": "2023-08-11 14:50:58", "elapsed": 0.0, "delta": 0.0}}
{"target": -116085.43696191515, "params": {"A": 37.61068628548768, "D": 1.753875869286253, "S": 0.2978447444364464, "T": 1.7505137367737107, "b_prob": 0.290078482552279, "ews": 0.6265031660018799, "ps": 0.26078875542853175, "t_r": 13.305374866570144}, "datetime": {"datetime": "2023-08-11 14:50:59", "elapsed": 0.0, "delta": 0.0}}
{"target": -49294.01749020351, "params": {"A": 37.28514118072323, "D": 1.9038479148228618, "S": 0.34414415820308897, "T": 0.557049404806617, "b_prob": 0.22215724371238857, "ews": 0.5402164888347832, "ps": 0.7023617912983151, "t_r": 13.783508460177174}, "datetime": {"datetime": "2023-08-11 14:50:59", "elapsed": 0.0, "delta": 0.0}}
{"target": -36475.10723037489, "params": {"A": 38.09743806992491, "D": 1.4016940966266782, "S": 0.6344495984819732, "T": 0.9792191027901724, "b_prob": 0.3771032888593854, "ews": 0.36298957398429554, "ps": 0.9265466358710651, "t_r": 13.07608686511608}, "datetime": {"datetime": "2023-08-11 14:51:00", "elapsed": 0.0, "delta": 0.0}}
{"target": -64828.39514148417, "params": {"A": 38.90936994293179, "D": 1.679515655899419, "S": 0.831461482332826, "T": 1.0948640698940713, "b_prob": 0.30858774926638316, "ews": 0.21627618744132926, "ps": 0.9548253583367619, "t_r": 13.16415894713665}, "datetime": {"datetime": "2023-08-11 14:51:01", "elapsed": 0.0, "delta": 0.0}}
{"target": -21249.668662915035, "params": {"A": 38.62738978318316, "D": 1.3883238913293354, "S": 0.27580173161140215, "T": 0.8929745143521385, "b_prob": 0.27993069609038645, "ews": 0.26587931692938327, "ps": 0.7996909406381856, "t_r": 12.503930961295803}, "datetime": {"datetime": "2023-08-11 14:51:01", "elapsed": 0.0, "delta": 0.0}}
{"target": -47973.84456810709, "params": {"A": 38.990258886097536, "D": 1.6051603858305397, "S": 0.902101971508124, "T": 0.956849893334039, "b_prob": 0.399938929132875, "ews": 0.017009778218719185, "ps": 0.8143157062458298, "t_r": 12.162806864697755}, "datetime": {"datetime": "2023-08-11 14:51:02", "elapsed": 0.0, "delta": 0.0}}
{"target": -18562.31688207624, "params": {"A": 39.28438052661479, "D": 1.5842822932035152, "S": 0.053776056117591134, "T": 1.4953594370825034, "b_prob": 0.38799290096440536, "ews": 0.30673676753379575, "ps": 0.45103182618538884, "t_r": 12.384896570433405}, "datetime": {"datetime": "2023-08-11 14:51:03", "elapsed": 0.0, "delta": 0.0}}
{"target": -60802.07288506214, "params": {"A": 39.68444314137888, "D": 2.1740318076298615, "S": 0.3611138248005385, "T": 1.2825983726498877, "b_prob": 0.2134864578008283, "ews": 0.08880931479336074, "ps": 0.2709172146157277, "t_r": 11.95740999626956}, "datetime": {"datetime": "2023-08-11 14:51:04", "elapsed": 0.0, "delta": 0.0}}
{"target": -77727.40153659205, "params": {"A": 38.6320379823518, "D": 1.976172238626658, "S": 0.7691001616783033, "T": 1.6104202709006725, "b_prob": 0.25006436993175585, "ews": 0.9187030584148349, "ps": 0.6364858939868574, "t_r": 12.62565180905139}, "datetime": {"datetime": "2023-08-11 14:51:04", "elapsed": 0.0, "delta": 0.0}}
{"target": -110620.11739417021, "params": {"A": 38.597877886966266, "D": 1.9446819722013466, "S": 0.4576110401405096, "T": 0.8608474450300467, "b_prob": 0.33581998039777994, "ews": 0.7580475225709244, "ps": 0.9329343666925286, "t_r": 11.693639882570398}, "datetime": {"datetime": "2023-08-11 14:51:05", "elapsed": 0.0, "delta": 0.0}}
{"target": -26355.935458601332, "params": {"A": 39.77552479714741, "D": 1.7563462559252243, "S": 0.4938882796012614, "T": 1.172878690402552, "b_prob": 0.34732878514972276, "ews": 0.9353113809180812, "ps": 0.594883367003726, "t_r": 12.833512738206041}, "datetime": {"datetime": "2023-08-11 14:51:06", "elapsed": 0.0, "delta": 0.0}}
