{"target": -42045.30557098072, "params": {"A": 38.05159684937439, "D": 2.7881516433207714, "S": 0.9269720386762313, "T": 2.4275835010550466, "b_prob": 0.39595022488373915, "ews": 0.6297826104093014, "ps": 0.7959715793736186, "t_r": 8.296691178132438}, "datetime": {"datetime": "2023-08-11 14:52:40", "elapsed": 0.0, "delta": 0.0}}
{"target": -70911.55185351304, "params": {"A": 38.72000252576177, "D": 2.5841680061936136, "S": 0.9399937602725763, "T": 1.3836503300092158, "b_prob": 0.38078871817237864, "ews": 0.9145688508011448, "ps": 0.20667474253811768, "t_r": 8.246677641623139}, "datetime": {"datetime": "2023-08-11 14:52:40", "elapsed": 0.0, "delta": 0.0}}
{"target": -54353.01179669282, "params": {"A": 38.51566582303554, "D": 2.3325609074673643, "S": 0.3316895162440654, "T": 2.270158118668577, "b_prob": 0.36597273502921585, "ews": 0.8709961272485571, "ps": 0.8400817724587378, "t_r": 9.428359275736979}, "datetime": {"datetime": "2023-08-11 14:52:41", "elapsed": 0.0, "delta": 0.0}}
{"target": -51284.67901651068, "params": {"A": 38.981158723405805, "D": 2.4460719403176214, "S": 0.037846171711457294, "T": 2.4897230164300206, "b_prob": 0.2763445310574105, "ews": 0.9509259603484521, "ps": 0.9485338075581115, "t_r": 9.27293233701346}, "datetime": {"datetime": "2023-08-11 14:52:42", "elapsed": 0.0, "delta": 0.0}}
