{"target": -77503.62404424607, "params": {"A": 39.157768940765195, "D": 3.3520039756662148, "S": 0.806226571668937, "T": 1.6412757754678047, "b_prob": 0.2653139026133186, "ews": 0.456616152024212, "ps": 0.7569316128598715, "t_r": 10.383006107402064}, "datetime": {"datetime": "2023-08-11 14:51:53", "elapsed": 0.0, "delta": 0.0}}
{"target": -120948.71117889902, "params": {"A": 37.493982729965516, "D": 2.8885639549115174, "S": 0.6316357446168045, "T": 1.0472200787268244, "b_prob": 0.23306202077639324, "ews": 0.7898168509765299, "ps": 0.6517041246494578, "t_r": 10.669446328061508}, "datetime": {"datetime": "2023-08-11 14:51:54", "elapsed": 0.0, "delta": 0.0}}
{"target": -32556.345430590303, "params": {"A": 38.51293678675584, "D": 4.101447584839066, "S": 0.5967776745830383, "T": 0.8957163503164257, "b_prob": 0.2783661944835002, "ews": 0.6055340509255231, "ps": 0.6735629882778514, "t_r": 12.093164858088747}, "datetime": {"datetime": "2023-08-11 14:51:54", "elapsed": 0.0, "delta": 0.0}}
{"target": -70538.92167861394, "params": {"A": 39.243036765984655, "D": 4.0808686542341785, "S": 0.2941916761848017, "T": 1.2293761227436213, "b_prob": 0.35123544441551235, "ews": 0.20105590743276813, "ps": 0.8043632905424479, "t_r": 12.291492401858157}, "datetime": {"datetime": "2023-08-11 14:51:55", "elapsed": 0.0, "delta": 0.0}}
{"target": -30073.01148087054, "params": {"A": 38.9383372059604, "D": 4.66970992180889, "S": 0.9865713834832105, "T": 1.5215242314921145, "b_prob": 0.293515711218886, "ews": 0.761744345017798, "ps": 0.5599837998499261, "t_r": 12.135442381344914}, "datetime": {"datetime": "2023-08-11 14:51:56", "elapsed": 0.0, "delta": 0.0}}
{"target": -43499.30270222261, "params": {"A": 38.76099278945976, "D": 4.433726310866661, "S": 0.474517867808152, "T": 1.782860977669802, "b_prob": 0.36437858788317407, "ews": 0.5893297356821525, "ps": 0.16482425115550015, "t_r": 11.820126100359742}, "datetime": {"datetime": "2023-08-11 14:51:56", "elapsed": 0.0, "delta": 0.0}}
{"target": -148650.12178458326, "params": {"A": 39.076069912025474, "D": 4.783049285850595, "S": 0.21288833594032897, "T": 1.71673261210723, "b_prob": 0.3355962571796247, "ews": 0.4081750006756296, "ps": 0.07718476225752213, "t_r": 11.445871851932232}, "datetime": {"datetime": "2023-08-11 14:51:57", "elapsed": 0.0, "delta": 0.0}}
{"target": -68192.1101091375, "params": {"A": 36.88516969057962, "D": 2.9613287667322923, "S": 0.3069742686980812, "T": 1.0818014113593273, "b_prob": 0.36855816994604684, "ews": 0.13871853666296763, "ps": 0.8639797482842151, "t_r": 12.078802421180411}, "datetime": {"datetime": "2023-08-11 14:51:58", "elapsed": 0.0, "delta": 0.0}}
{"target": -32053.881993465635, "params": {"A": 36.827676826075944, "D": 3.4992911797577935, "S": 0.15737341880620004, "T": 1.0650896528269311, "b_prob": 0.22830750761007193, "ews": 0.22018572300302552, "ps": 0.7799443822424532, "t_r": 12.56668091594235}, "datetime": {"datetime": "2023-08-11 14:51:58", "elapsed": 0.0, "delta": 0.0}}
{"target": -58304.85736148281, "params": {"A": 36.85728947606073, "D": 3.7329021647978404, "S": 0.6575878386447229, "T": 0.9470192937224138, "b_prob": 0.3588257339410813, "ews": 0.2434106458448615, "ps": 0.7527121626431544, "t_r": 12.086591821455915}, "datetime": {"datetime": "2023-08-11 14:51:59", "elapsed": 0.0, "delta": 0.0}}
{"target": -23712.839655394484, "params": {"A": 36.710076817247796, "D": 3.363942614647812, "S": 0.05378736100095339, "T": 0.7481686016456239, "b_prob": 0.21660981814930547, "ews": 0.44258440731242865, "ps": 0.7862981798799459, "t_r": 13.236246832430862}, "datetime": {"datetime": "2023-08-11 14:51:59", "elapsed": 0.0, "delta": 0.0}}
{"target": -30583.276067224742, "params": {"A": 37.12501967175433, "D": 3.491809829551128, "S": 0.5638655289391178, "T": 0.8088985579870179, "b_prob": 0.3393072517071143, "ews": 0.5797780687880169, "ps": 0.4348930621653385, "t_r": 13.386971673211523}, "datetime": {"datetime": "2023-08-11 14:52:00", "elapsed": 0.0, "delta": 0.0}}
{"target": -56793.61973949438, "params": {"A": 36.68884482197261, "D": 3.196319635109241, "S": 0.7342626569866139, "T": 0.8308871917489586, "b_prob": 0.3177920675464557, "ews": 0.6916423908727255, "ps": 0.448589808084645, "t_r": 12.684088798442742}, "datetime": {"datetime": "2023-08-11 14:52:01", "elapsed": 0.0, "delta": 0.0}}
{"target": -65626.972676621, "params": {"A": 36.5011123660791, "D": 3.893851404088737, "S": 0.3963253666508336, "T": 0.6225399880034439, "b_prob": 0.22924208326454812, "ews": 0.27207607426559477, "ps": 0.03833444490273552, "t_r": 12.82648440086611}, "datetime": {"datetime": "2023-08-11 14:52:01", "elapsed": 0.0, "delta": 0.0}}
{"target": -65316.13638941617, "params": {"A": 37.021889714122196, "D": 4.108712024098576, "S": 0.11243032586971789, "T": 0.8430616163481903, "b_prob": 0.29059504357208904, "ews": 0.01492452333387062, "ps": 0.4868887557760013, "t_r": 13.616298684249351}, "datetime": {"datetime": "2023-08-11 14:52:02", "elapsed": 0.0, "delta": 0.0}}
{"target": -49232.073977629414, "params": {"A": 37.62911161486361, "D": 3.574021210576473, "S": 0.8688858804745528, "T": 0.6184047036799685, "b_prob": 0.32142405284197106, "ews": 0.41948107211759145, "ps": 0.8090434770200922, "t_r": 12.572855789405676}, "datetime": {"datetime": "2023-08-11 14:52:03", "elapsed": 0.0, "delta": 0.0}}
{"target": -43756.44956260151, "params": {"A": 37.81012617509314, "D": 3.0789149790113917, "S": 0.7935659060518365, "T": 0.591151592136276, "b_prob": 0.3024831465905929, "ews": 0.2867551613434134, "ps": 0.9296674013117282, "t_r": 12.82758517804188}, "datetime": {"datetime": "2023-08-11 14:52:03", "elapsed": 0.0, "delta": 0.0}}
{"target": -32640.927347270575, "params": {"A": 37.87418525550056, "D": 3.938558823753597, "S": 0.827923904071385, "T": 0.7372958955642329, "b_prob": 0.25639424591967663, "ews": 0.5518958479950034, "ps": 0.1207649346825942, "t_r": 12.931978296846601}, "datetime": {"datetime": "2023-08-11 14:52:04", "elapsed": 0.0, "delta": 0.0}}
{"target": -68202.40811739893, "params": {"A": 38.070043119784884, "D": 3.867226829619542, "S": 0.8474074669296523, "T": 0.778418414163609, "b_prob": 0.34480514728286027, "ews": 0.5564736377320216, "ps": 0.024843607008774637, "t_r": 13.493117732250951}, "datetime": {"datetime": "2023-08-11 14:52:05", "elapsed": 0.0, "delta": 0.0}}
{"target": -81525.22798528723, "params": {"A": 37.52888913687635, "D": 4.440294514662241, "S": 0.9580712205628116, "T": 1.0115496340905004, "b_prob": 0.31263326358621113, "ews": 0.4665632151323085, "ps": 0.666102243077399, "t_r": 12.987003264366372}, "datetime": {"datetime": "2023-08-11 14:52:05", "elapsed": 0.0, "delta": 0.0}}
{"target": -41653.53158839853, "params": {"A": 35.92489495149186, "D": 3.677776374018008, "S": 0.4461743241896051, "T": 0.5647700174685845, "b_prob": 0.339798040168307, "ews": 0.61246727260326, "ps": 0.9929064503339323, "t_r": 13.440465892887559}, "datetime": {"datetime": "2023-08-11 14:52:06", "elapsed": 0.0, "delta": 0.0}}
{"target": -135632.35685765865, "params": {"A": 35.74668835366101, "D": 3.2047590566442814, "S": 0.25072310801141406, "T": 0.5411258460472874, "b_prob": 0.30360063862360764, "ews": 0.6127941355789844, "ps": 0.509039804847749, "t_r": 13.068411106797177}, "datetime": {"datetime": "2023-08-11 14:52:06", "elapsed": 0.0, "delta": 0.0}}
{"target": -141298.97048218903, "params": {"A": 37.810364896138886, "D": 2.987345600560826, "S": 0.2789819510438038, "T": 1.1654939276110425, "b_prob": 0.2976142288436435, "ews": 0.12748705765545554, "ps": 0.6008684898266823, "t_r": 13.218389933267165}, "datetime": {"datetime": "2023-08-11 14:52:07", "elapsed": 0.0, "delta": 0.0}}
{"target": -45234.361329093845, "params": {"A": 36.52732786712306, "D": 4.488631721296569, "S": 0.6434151326663528, "T": 0.62788735388762, "b_prob": 0.3958588365750239, "ews": 0.5409341652753558, "ps": 0.33287904653915923, "t_r": 12.398025712651126}, "datetime": {"datetime": "2023-08-11 14:52:08", "elapsed": 0.0, "delta": 0.0}}
{"target": -59572.62096127648, "params": {"A": 36.56644200901773, "D": 4.782680923650998, "S": 0.625434698064394, "T": 1.1817383315712715, "b_prob": 0.32998303984510985, "ews": 0.8526447280607563, "ps": 0.2816262613685887, "t_r": 12.107147459023507}, "datetime": {"datetime": "2023-08-11 14:52:08", "elapsed": 0.0, "delta": 0.0}}
{"target": -47346.756260700735, "params": {"A": 38.669275277521265, "D": 3.691514543714231, "S": 0.38833453126418915, "T": 0.648467369711297, "b_prob": 0.3288336421306791, "ews": 0.8139209746297908, "ps": 0.6454205953692902, "t_r": 10.879129677161005}, "datetime": {"datetime": "2023-08-11 14:52:09", "elapsed": 0.0, "delta": 0.0}}
{"target": -55478.19433751445, "params": {"A": 38.23307583874896, "D": 3.72200919645184, "S": 0.31697865325661473, "T": 0.5475333096096053, "b_prob": 0.21589637971393594, "ews": 0.8179105340318489, "ps": 0.16161155362469404, "t_r": 10.960842824494833}, "datetime": {"datetime": "2023-08-11 14:52:09", "elapsed": 0.0, "delta": 0.0}}
{"target": -29599.74234012926, "params": {"A": 39.03631510319209, "D": 3.5773948602820487, "S": 0.047887742192643266, "T": 0.6606827417003363, "b_prob": 0.356803915061466, "ews": 0.06271722055781481, "ps": 0.18443501329840095, "t_r": 10.556094263760386}, "datetime": {"datetime": "2023-08-11 14:52:10", "elapsed": 0.0, "delta": 0.0}}
{"target": -22717.547225994844, "params": {"A": 38.84517448684359, "D": 3.423930622291967, "S": 0.10345323496326564, "T": 0.5030050872011117, "b_prob": 0.35615295569034144, "ews": 0.6875502532205805, "ps": 0.7000598965714537, "t_r": 9.864687993157878}, "datetime": {"datetime": "2023-08-11 14:52:11", "elapsed": 0.0, "delta": 0.0}}
{"target": -124429.62635135885, "params": {"A": 39.525774628834114, "D": 3.5304056073318115, "S": 0.0809845543709367, "T": 0.6007335468841117, "b_prob": 0.346832803398327, "ews": 0.26810316205247786, "ps": 0.8778960202031786, "t_r": 9.881547736376202}, "datetime": {"datetime": "2023-08-11 14:52:11", "elapsed": 0.0, "delta": 0.0}}
{"target": -70924.82138181849, "params": {"A": 38.37634858839412, "D": 3.3382330135488982, "S": 0.125380778426637, "T": 1.0939588041553112, "b_prob": 0.3775209676925115, "ews": 0.9806269571232528, "ps": 0.32235250821711536, "t_r": 9.590550730836583}, "datetime": {"datetime": "2023-08-11 14:52:12", "elapsed": 0.0, "delta": 0.0}}
{"target": -30026.999671418173, "params": {"A": 38.86382923880696, "D": 3.0186392011965895, "S": 0.6625123897970979, "T": 0.8907847980790086, "b_prob": 0.29298875192863266, "ews": 0.9426533357955588, "ps": 0.3885974954880723, "t_r": 9.440003710296157}, "datetime": {"datetime": "2023-08-11 14:52:13", "elapsed": 0.0, "delta": 0.0}}
{"target": -89838.472284576, "params": {"A": 38.32972206884449, "D": 3.2886369845193952, "S": 0.6680272167787096, "T": 1.0410852638384065, "b_prob": 0.21245747496716583, "ews": 0.3915031442807497, "ps": 0.3546032221805815, "t_r": 9.296371820137441}, "datetime": {"datetime": "2023-08-11 14:52:13", "elapsed": 0.0, "delta": 0.0}}
{"target": -48791.85051534985, "params": {"A": 39.450527832766134, "D": 3.2004982730492983, "S": 0.46628940788771556, "T": 1.5100747739189144, "b_prob": 0.2585889024537973, "ews": 0.6752122414181638, "ps": 0.22592438175891727, "t_r": 9.44006556834498}, "datetime": {"datetime": "2023-08-11 14:52:14", "elapsed": 0.0, "delta": 0.0}}
{"target": -39410.632588561835, "params": {"A": 39.579499914265654, "D": 3.094159269606349, "S": 0.5652338099368946, "T": 1.3921300985533671, "b_prob": 0.24641710098374778, "ews": 0.670385225759453, "ps": 0.6533823439461276, "t_r": 8.966548116626646}, "datetime": {"datetime": "2023-08-11 14:52:14", "elapsed": 0.0, "delta": 0.0}}
{"target": -60378.20950838784, "params": {"A": 39.59422040265688, "D": 2.998240795029362, "S": 0.3625600760445082, "T": 1.0301922363109899, "b_prob": 0.2496432631614668, "ews": 0.10411136307009128, "ps": 0.37793878459004016, "t_r": 9.432940132331021}, "datetime": {"datetime": "2023-08-11 14:52:15", "elapsed": 0.0, "delta": 0.0}}
{"target": -127736.50021990822, "params": {"A": 39.24281492181624, "D": 3.480641118986242, "S": 0.23619390374308666, "T": 0.9781059946894234, "b_prob": 0.20343595971234293, "ews": 0.2668265156483528, "ps": 0.6798647014713352, "t_r": 9.161812288794653}, "datetime": {"datetime": "2023-08-11 14:52:16", "elapsed": 0.0, "delta": 0.0}}
{"target": -46630.21751908896, "params": {"A": 39.74317803091883, "D": 2.754204111904394, "S": 0.4545701150062579, "T": 2.212115130535024, "b_prob": 0.2227301968939996, "ews": 0.4440713749516889, "ps": 0.6437504595756341, "t_r": 8.895652501992291}, "datetime": {"datetime": "2023-08-11 14:52:16", "elapsed": 0.0, "delta": 0.0}}
{"target": -60232.99155966381, "params": {"A": 39.57991518342606, "D": 3.017461617248591, "S": 0.5196410331105599, "T": 1.6317538110618948, "b_prob": 0.2502811485998569, "ews": 0.6292413939263647, "ps": 0.4635739911873895, "t_r": 9.15123442562625}, "datetime": {"datetime": "2023-08-11 14:52:17", "elapsed": 0.0, "delta": 0.0}}
{"target": -70885.73511288344, "params": {"A": 39.67565795633275, "D": 2.9599397684857736, "S": 0.5484572851660058, "T": 1.6632528831237514, "b_prob": 0.23206081259087455, "ews": 0.5907964749543174, "ps": 0.7871527966744045, "t_r": 8.787645702110352}, "datetime": {"datetime": "2023-08-11 14:52:18", "elapsed": 0.0, "delta": 0.0}}
{"target": -54001.62758886938, "params": {"A": 39.6482879479047, "D": 2.8636062397993394, "S": 0.36200521451468304, "T": 2.2679146206653007, "b_prob": 0.22416860464373928, "ews": 0.41304752264512223, "ps": 0.40228425218456637, "t_r": 9.175894227832075}, "datetime": {"datetime": "2023-08-11 14:52:19", "elapsed": 0.0, "delta": 0.0}}
{"target": -64215.634740128124, "params": {"A": 39.79499381045408, "D": 2.5847398716729777, "S": 0.4140967366710493, "T": 2.555202647113611, "b_prob": 0.22163223180949798, "ews": 0.36009046576211956, "ps": 0.530899885267096, "t_r": 8.984075453716382}, "datetime": {"datetime": "2023-08-11 14:52:19", "elapsed": 0.0, "delta": 0.0}}
{"target": -60227.08066481491, "params": {"A": 39.63718343959859, "D": 3.084711332317805, "S": 0.3487184607579071, "T": 2.404969407077939, "b_prob": 0.2021642181489953, "ews": 0.5782878743031444, "ps": 0.6430434743738799, "t_r": 8.876167441780806}, "datetime": {"datetime": "2023-08-11 14:52:20", "elapsed": 0.0, "delta": 0.0}}
{"target": -106638.94047474173, "params": {"A": 39.92906435250206, "D": 2.97136512015705, "S": 0.2977207116016844, "T": 2.160981190575514, "b_prob": 0.20794135584988005, "ews": 0.1621147600865986, "ps": 0.585500161127046, "t_r": 8.953985796487492}, "datetime": {"datetime": "2023-08-11 14:52:21", "elapsed": 0.0, "delta": 0.0}}
{"target": -81801.51893829505, "params": {"A": 38.87038741108617, "D": 3.502230686406241, "S": 0.897974712206291, "T": 1.581292347154779, "b_prob": 0.22045400679011687, "ews": 0.8164900666426405, "ps": 0.8925484884310007, "t_r": 9.530151647188271}, "datetime": {"datetime": "2023-08-11 14:52:21", "elapsed": 0.0, "delta": 0.0}}
{"target": -51755.409588204944, "params": {"A": 39.62322654987929, "D": 2.1058530092256027, "S": 0.7203728267382125, "T": 2.565742963031266, "b_prob": 0.3960591777704325, "ews": 0.5555279014874026, "ps": 0.5240917493865351, "t_r": 8.40760568752587}, "datetime": {"datetime": "2023-08-11 14:52:22", "elapsed": 0.0, "delta": 0.0}}
{"target": -51829.31550552668, "params": {"A": 39.463153480036596, "D": 2.5599439849074153, "S": 0.9300349588266332, "T": 2.841705284331526, "b_prob": 0.33568305818356625, "ews": 0.6224815599276146, "ps": 0.5178265236540841, "t_r": 8.445532175317283}, "datetime": {"datetime": "2023-08-11 14:52:23", "elapsed": 0.0, "delta": 0.0}}
{"target": -44354.94762890905, "params": {"A": 39.91703697376158, "D": 2.2151730807956747, "S": 0.9512651710542962, "T": 2.497232009380956, "b_prob": 0.20760478571084412, "ews": 0.4728032579252417, "ps": 0.11039959629941387, "t_r": 8.63486514556254}, "datetime": {"datetime": "2023-08-11 14:52:23", "elapsed": 0.0, "delta": 0.0}}
{"target": -41712.682927843125, "params": {"A": 39.135233949057344, "D": 3.027751025289875, "S": 0.6138286656125436, "T": 1.1062971023420392, "b_prob": 0.28808560861040977, "ews": 0.885545418011907, "ps": 0.3693036991619539, "t_r": 9.388213441557895}, "datetime": {"datetime": "2023-08-11 14:52:24", "elapsed": 0.0, "delta": 0.0}}
{"target": -71140.31787872271, "params": {"A": 38.502503523627524, "D": 2.994595469728382, "S": 0.2812885578531793, "T": 1.4375170166926097, "b_prob": 0.34431400876739743, "ews": 0.7370902435641489, "ps": 0.5917462071986702, "t_r": 10.804380104770777}, "datetime": {"datetime": "2023-08-11 14:52:25", "elapsed": 0.0, "delta": 0.0}}
{"target": -60521.7455552556, "params": {"A": 39.66830741790224, "D": 2.469376651434074, "S": 0.40405538810082414, "T": 2.0147395657474356, "b_prob": 0.34988210125747765, "ews": 0.6923530913234264, "ps": 0.7646848498551956, "t_r": 9.066094770020866}, "datetime": {"datetime": "2023-08-11 14:52:26", "elapsed": 0.0, "delta": 0.0}}
{"target": -76249.77821754296, "params": {"A": 39.69526470955699, "D": 2.4830977272527694, "S": 0.7838841359983668, "T": 2.401295838724209, "b_prob": 0.2583093775188148, "ews": 0.5631279989092014, "ps": 0.40693107572765785, "t_r": 8.667017343322485}, "datetime": {"datetime": "2023-08-11 14:52:27", "elapsed": 0.0, "delta": 0.0}}
{"target": -75345.13472456775, "params": {"A": 36.69401975292258, "D": 4.137738835702205, "S": 0.5462917113773136, "T": 0.7473597806772282, "b_prob": 0.3453853966621146, "ews": 0.44489742392540094, "ps": 0.48753685636198396, "t_r": 12.430597497556676}, "datetime": {"datetime": "2023-08-11 14:52:27", "elapsed": 0.0, "delta": 0.0}}
{"target": -25752.608586593433, "params": {"A": 39.54194334100623, "D": 2.868999488080728, "S": 0.4279373574992048, "T": 2.2999512836265334, "b_prob": 0.2325538702428622, "ews": 0.48105158984784296, "ps": 9.422198209350261e-05, "t_r": 8.853551198034772}, "datetime": {"datetime": "2023-08-11 14:52:28", "elapsed": 0.0, "delta": 0.0}}
{"target": -64047.766419672895, "params": {"A": 38.70826748293952, "D": 3.049133125229379, "S": 0.4392883520095176, "T": 1.1619764165896036, "b_prob": 0.30426017750524853, "ews": 0.9429984284269886, "ps": 0.502309370444107, "t_r": 10.295119128601543}, "datetime": {"datetime": "2023-08-11 14:52:29", "elapsed": 0.0, "delta": 0.0}}
{"target": -73510.42271769831, "params": {"A": 39.22249493438725, "D": 2.21913934126345, "S": 0.6684252433030817, "T": 2.2415950038305037, "b_prob": 0.3150650983506882, "ews": 0.4964442820240789, "ps": 0.5716569054650191, "t_r": 8.892225852407869}, "datetime": {"datetime": "2023-08-11 14:52:30", "elapsed": 0.0, "delta": 0.0}}
{"target": -25278.501984605704, "params": {"A": 39.73598400475371, "D": 2.1739910234275857, "S": 0.9813430525816248, "T": 2.8036562476870133, "b_prob": 0.3030172582013515, "ews": 0.5073533589703192, "ps": 0.22310675572780547, "t_r": 8.426817364174813}, "datetime": {"datetime": "2023-08-11 14:52:31", "elapsed": 0.0, "delta": 0.0}}
{"target": -26717.83923145656, "params": {"A": 39.475818685279826, "D": 2.7865596350507085, "S": 0.32412539433134274, "T": 2.1960653380295767, "b_prob": 0.22943735014427857, "ews": 0.6512881280435323, "ps": 0.23018338849286393, "t_r": 8.853403436966568}, "datetime": {"datetime": "2023-08-11 14:52:32", "elapsed": 0.0, "delta": 0.0}}
{"target": -141896.9105022001, "params": {"A": 39.69622523196791, "D": 2.1551273232786787, "S": 0.7267793255347071, "T": 2.7465377155307507, "b_prob": 0.3270681744090544, "ews": 0.4763370995069683, "ps": 0.0028373058061274816, "t_r": 8.432325230888564}, "datetime": {"datetime": "2023-08-11 14:52:33", "elapsed": 0.0, "delta": 0.0}}
{"target": -72676.17213428234, "params": {"A": 39.21275875045778, "D": 1.882627616940335, "S": 0.43580563377938597, "T": 2.8351545730284236, "b_prob": 0.2971531446841456, "ews": 0.4110472084948149, "ps": 0.5924969379791446, "t_r": 8.185349516022328}, "datetime": {"datetime": "2023-08-11 14:52:34", "elapsed": 0.0, "delta": 0.0}}
{"target": -46559.994657759715, "params": {"A": 39.81071723009225, "D": 3.0805780055168417, "S": 0.827005410916258, "T": 2.9455693827340634, "b_prob": 0.2705263070982498, "ews": 0.43940620956856036, "ps": 0.1345784117969181, "t_r": 9.461899590492783}, "datetime": {"datetime": "2023-08-11 14:52:35", "elapsed": 0.0, "delta": 0.0}}
{"target": -36252.532486626056, "params": {"A": 38.902723576799524, "D": 2.6545664527202235, "S": 0.7086173634134088, "T": 1.9468108044390835, "b_prob": 0.34044164953684214, "ews": 0.29824177347172187, "ps": 0.48460667046377315, "t_r": 8.256411171685183}, "datetime": {"datetime": "2023-08-11 14:52:36", "elapsed": 0.0, "delta": 0.0}}
{"target": -29257.625968458276, "params": {"A": 38.54437662691608, "D": 2.3930255875581095, "S": 0.794834220855332, "T": 2.051723878564016, "b_prob": 0.3007384618110263, "ews": 0.9984660328398491, "ps": 0.5199819518192625, "t_r": 8.576848048915494}, "datetime": {"datetime": "2023-08-11 14:52:36", "elapsed": 0.0, "delta": 0.0}}
{"target": -31484.87626626538, "params": {"A": 38.518220178693596, "D": 2.8148362369552493, "S": 0.6499671117419853, "T": 2.1739899433989156, "b_prob": 0.3382401143306089, "ews": 0.6780430566560919, "ps": 0.9720208494126131, "t_r": 8.874940811717007}, "datetime": {"datetime": "2023-08-11 14:52:37", "elapsed": 0.0, "delta": 0.0}}
{"target": -41208.788171199296, "params": {"A": 38.6930096827563, "D": 3.3227727912935747, "S": 0.8492811344206106, "T": 2.4973860986933314, "b_prob": 0.35216606766306763, "ews": 0.9591790228847696, "ps": 0.9113708965126103, "t_r": 9.057361119980776}, "datetime": {"datetime": "2023-08-11 14:52:38", "elapsed": 0.0, "delta": 0.0}}
{"target": -144726.20960992208, "params": {"A": 38.772789469803044, "D": 3.659373799355654, "S": 0.8064040191411554, "T": 2.3707981022489046, "b_prob": 0.33608329106743023, "ews": 0.8509993807728479, "ps": 0.7860253428323516, "t_r": 8.64753147429499}, "datetime": {"datetime": "2023-08-11 14:52:39", "elapsed": 0.0, "delta": 0.0}}
