{"target": -22477.77319033001, "params": {"A": 37.03388276012772, "D": 2.9055754741904325, "S": 0.6914651960533056, "T": 1.300538350474442, "b_prob": 0.26574188965527656, "ews": 0.8024947846117739, "ps": 0.02037001320298392, "t_r": 13.882053109783818}, "datetime": {"datetime": "2023-08-12 06:37:05", "elapsed": 0.0, "delta": 0.0}}
{"target": -22531.312752546437, "params": {"A": 37.03869556028565, "D": 2.9057707670313273, "S": 0.6913934529766671, "T": 1.3006745856054391, "b_prob": 0.26564408824549296, "ews": 0.8024064400785544, "ps": 0.02039861491144519, "t_r": 13.881952869751062}, "datetime": {"datetime": "2023-08-12 06:55:46", "elapsed": 0.0, "delta": 0.0}}
{"target": -21937.891187093053, "params": {"A": 37.05683924010876, "D": 2.903651405577803, "S": 0.6881032236325103, "T": 1.298296266209042, "b_prob": 0.2622396068457249, "ews": 0.7990434221371335, "ps": 0.01754835314023167, "t_r": 13.878537694809921}, "datetime": {"datetime": "2023-08-12 07:12:28", "elapsed": 0.0, "delta": 0.0}}
{"target": -22688.083614037372, "params": {"A": 37.04494807566532, "D": 2.906489381211965, "S": 0.6917918022642453, "T": 1.301322371991457, "b_prob": 0.266011183591323, "ews": 0.8027848778614437, "ps": 0.020917313880192287, "t_r": 13.88231703987555}, "datetime": {"datetime": "2023-08-12 07:30:58", "elapsed": 0.0, "delta": 0.0}}
{"target": -22486.152691315227, "params": {"A": 37.0303898404163, "D": 2.9060598684750234, "S": 0.6921795911658184, "T": 1.3010736118772779, "b_prob": 0.26647872901829067, "ews": 0.8032234786828342, "ps": 0.02099798048773521, "t_r": 13.882792050066504}, "datetime": {"datetime": "2023-08-12 07:50:36", "elapsed": 0.0, "delta": 0.0}}
{"target": -22282.87525341341, "params": {"A": 36.65427313711775, "D": 2.882214534372665, "S": 0.6886662646935117, "T": 1.2817252763084686, "b_prob": 0.26494927238722094, "ews": 0.8009741833186669, "ps": 0.009845050557267488, "t_r": 13.881448233424742}, "datetime": {"datetime": "2023-08-12 08:06:43", "elapsed": 0.0, "delta": 0.0}}
{"target": -22650.181821047943, "params": {"A": 37.02977722621724, "D": 2.9055812848640277, "S": 0.6917088184227594, "T": 1.3005967551969613, "b_prob": 0.2660087188316312, "ews": 0.8027531917540798, "ps": 0.020524271873841544, "t_r": 13.882322111220873}, "datetime": {"datetime": "2023-08-12 08:21:29", "elapsed": 0.0, "delta": 0.0}}
{"target": -22261.83360088448, "params": {"A": 37.07316982391901, "D": 2.906400177065466, "S": 0.6900653169002398, "T": 1.3008710666921832, "b_prob": 0.26412492626820006, "ews": 0.8009566037118344, "ps": 0.019806074112166682, "t_r": 13.880415828756854}, "datetime": {"datetime": "2023-08-12 08:38:04", "elapsed": 0.0, "delta": 0.0}}
{"target": -22012.53880632582, "params": {"A": 37.06339587210081, "D": 2.9038219447950815, "S": 0.6879043687684251, "T": 1.2983851109778477, "b_prob": 0.2620047047255997, "ews": 0.7988216019490795, "ps": 0.017488307474462894, "t_r": 13.878299418790336}, "datetime": {"datetime": "2023-08-12 08:56:01", "elapsed": 0.0, "delta": 0.0}}
{"target": -22319.972112437776, "params": {"A": 37.068692581954416, "D": 2.9060898573387175, "S": 0.6899959126345394, "T": 1.3006140284720014, "b_prob": 0.26407903104104163, "ews": 0.8009021767730242, "ps": 0.01964614124531759, "t_r": 13.88037213397248}, "datetime": {"datetime": "2023-08-12 09:11:44", "elapsed": 0.0, "delta": 0.0}}
{"target": -52163.15053429255, "params": {"A": 67.14253635403182, "D": 2.4208548073193477, "S": 0.3369738662706444, "T": 2.9926394076997958, "b_prob": 0.2648050101101081, "ews": 0.3805291713350173, "ps": 0.2001697173467905, "t_r": 12.98509224374841}, "datetime": {"datetime": "2023-08-12 09:33:48", "elapsed": 0.0, "delta": 0.0}}
{"target": -23320.57681936181, "params": {"A": 37.84209170185954, "D": 2.957612043168101, "S": 0.6997580368202112, "T": 1.342900667308608, "b_prob": 0.2697659824517868, "ews": 0.8080680573074631, "ps": 0.04510071502867735, "t_r": 13.885677674454431}, "datetime": {"datetime": "2023-08-12 09:48:10", "elapsed": 0.0, "delta": 0.0}}
{"target": -22527.69822141406, "params": {"A": 36.82930824660194, "D": 2.893288931331367, "S": 0.6903021950389803, "T": 1.2907118628531487, "b_prob": 0.2656643830236864, "ews": 0.8020233390287655, "ps": 0.015027048909286472, "t_r": 13.882077198988004}, "datetime": {"datetime": "2023-08-12 10:05:59", "elapsed": 0.0, "delta": 0.0}}
{"target": -23559.710070632133, "params": {"A": 37.83640101056191, "D": 2.957591790327514, "S": 0.7000658011461438, "T": 1.3429529579958137, "b_prob": 0.27010575637572837, "ews": 0.8083962145728906, "ps": 0.0452852183768602, "t_r": 13.886020444406473}, "datetime": {"datetime": "2023-08-12 10:24:39", "elapsed": 0.0, "delta": 0.0}}
{"target": -23223.87560864281, "params": {"A": 37.84179857707857, "D": 2.9575925859439143, "S": 0.699754409696466, "T": 1.3428847110410371, "b_prob": 0.2697639001067289, "ews": 0.8080654143441048, "ps": 0.045091139342698885, "t_r": 13.88567573669102}, "datetime": {"datetime": "2023-08-12 10:42:18", "elapsed": 0.0, "delta": 0.0}}
{"target": -22618.168289303743, "params": {"A": 36.84503085974831, "D": 2.8943706358249908, "S": 0.6905369139233752, "T": 1.2916062503887769, "b_prob": 0.2658164483793082, "ews": 0.8022054003472787, "ps": 0.015580045323193445, "t_r": 13.882221528454284}, "datetime": {"datetime": "2023-08-12 11:01:31", "elapsed": 0.0, "delta": 0.0}}
{"target": -22746.16260751134, "params": {"A": 37.1289156347858, "D": 2.9123173617793747, "S": 0.6930994761798277, "T": 1.3061506531633253, "b_prob": 0.26687774160063615, "ews": 0.8038115221259382, "ps": 0.02392361264398174, "t_r": 13.883142312211483}, "datetime": {"datetime": "2023-08-12 11:14:26", "elapsed": 0.0, "delta": 0.0}}
{"target": -23271.46692959218, "params": {"A": 37.84195452249562, "D": 2.957515131009604, "S": 0.6996631335001187, "T": 1.3428042050758557, "b_prob": 0.2696712708388617, "ews": 0.8079732782462086, "ps": 0.04500506274544348, "t_r": 13.88558298409236}, "datetime": {"datetime": "2023-08-12 11:26:13", "elapsed": 0.0, "delta": 0.0}}
{"target": -23390.273811076753, "params": {"A": 37.84167371735239, "D": 2.957497604311303, "S": 0.6996609979965949, "T": 1.3427900793185061, "b_prob": 0.2696706395451418, "ews": 0.8079720999177666, "ps": 0.04499714056003741, "t_r": 13.885582491831101}, "datetime": {"datetime": "2023-08-12 11:42:19", "elapsed": 0.0, "delta": 0.0}}
{"target": -22575.17128757311, "params": {"A": 37.01702619257747, "D": 2.9052111269103564, "S": 0.69205482161224, "T": 1.3003849821408304, "b_prob": 0.2664246085347376, "ews": 0.8031437188033238, "ps": 0.020601159349755663, "t_r": 13.882744541898854}, "datetime": {"datetime": "2023-08-12 11:58:28", "elapsed": 0.0, "delta": 0.0}}
{"target": -22527.485482749966, "params": {"A": 37.019312322541396, "D": 2.9052967383531616, "S": 0.6920131332625269, "T": 1.3004424368004877, "b_prob": 0.26637049524863377, "ews": 0.8030941168313271, "ps": 0.020607308250840957, "t_r": 13.882689267857554}, "datetime": {"datetime": "2023-08-12 12:15:05", "elapsed": 0.0, "delta": 0.0}}
{"target": -22684.826555273845, "params": {"A": 37.01909629836208, "D": 2.905318056031497, "S": 0.6920481781643713, "T": 1.3004667940235692, "b_prob": 0.26640688212604074, "ews": 0.8031300144518927, "ps": 0.020637193821526827, "t_r": 13.882725778096857}, "datetime": {"datetime": "2023-08-12 12:31:19", "elapsed": 0.0, "delta": 0.0}}
{"target": -22433.968612761488, "params": {"A": 37.15189848192483, "D": 2.911283491163215, "S": 0.6906761884843048, "T": 1.3048095194559168, "b_prob": 0.26431887747068755, "ews": 0.8013018503780952, "ps": 0.0220224316732535, "t_r": 13.88057074899387}, "datetime": {"datetime": "2023-08-12 12:47:36", "elapsed": 0.0, "delta": 0.0}}
{"target": -22403.06161698186, "params": {"A": 37.07310988554381, "D": 2.9067204505441433, "S": 0.690407688495804, "T": 1.3011966174981355, "b_prob": 0.2644696267494408, "ews": 0.8013004593871562, "ps": 0.0201394794945339, "t_r": 13.88076074364469}, "datetime": {"datetime": "2023-08-12 13:04:36", "elapsed": 0.0, "delta": 0.0}}
{"target": -22658.97819084218, "params": {"A": 37.03589767111521, "D": 2.905677203101115, "S": 0.6914562458569699, "T": 1.300615601889892, "b_prob": 0.2657221387752119, "ews": 0.8024789534183934, "ps": 0.020402653670097713, "t_r": 13.882032348354956}, "datetime": {"datetime": "2023-08-12 13:20:33", "elapsed": 0.0, "delta": 0.0}}
{"target": -22470.871461625564, "params": {"A": 37.029835754043106, "D": 2.9054110734344514, "S": 0.6915255666736697, "T": 1.300423056063807, "b_prob": 0.2658271115926055, "ews": 0.8025673591003155, "ps": 0.020345229135377414, "t_r": 13.882140128524135}, "datetime": {"datetime": "2023-08-12 13:37:26", "elapsed": 0.0, "delta": 0.0}}
{"target": -22532.455545958863, "params": {"A": 37.03727002262854, "D": 2.9057056761390014, "S": 0.6914069970533615, "T": 1.3006268859880536, "b_prob": 0.26566530556077217, "ews": 0.8024248726951547, "ps": 0.02038261062745016, "t_r": 13.8819748052812}, "datetime": {"datetime": "2023-08-12 13:54:17", "elapsed": 0.0, "delta": 0.0}}
{"target": -22530.987510356423, "params": {"A": 37.04192221860458, "D": 2.9059187481493955, "S": 0.6913633220813801, "T": 1.300783176025674, "b_prob": 0.26559657612774296, "ews": 0.8023652358354124, "ps": 0.02043541445921647, "t_r": 13.88190373084918}, "datetime": {"datetime": "2023-08-12 14:08:49", "elapsed": 0.0, "delta": 0.0}}
{"target": -22297.668807820817, "params": {"A": 37.054326757203064, "D": 2.9055879362781587, "S": 0.6902961555391149, "T": 1.3002895105368792, "b_prob": 0.26445755421609385, "ews": 0.801252291126825, "ps": 0.019644947920050972, "t_r": 13.880757983373702}, "datetime": {"datetime": "2023-08-12 14:25:23", "elapsed": 0.0, "delta": 0.0}}
{"target": -22070.735247085424, "params": {"A": 37.05699127089067, "D": 2.9036954317815153, "S": 0.6881409762248057, "T": 1.298338905021912, "b_prob": 0.2622767468559506, "ews": 0.7990807845843105, "ps": 0.01758846370996468, "t_r": 13.878574777298518}, "datetime": {"datetime": "2023-08-12 14:40:01", "elapsed": 0.0, "delta": 0.0}}
{"target": -22077.660203685264, "params": {"A": 37.05849597521698, "D": 2.903780804680846, "S": 0.6881441769935086, "T": 1.2984061055353233, "b_prob": 0.2622719284024805, "ews": 0.7990788765382124, "ps": 0.01762254370858041, "t_r": 13.878569208463277}, "datetime": {"datetime": "2023-08-12 14:55:39", "elapsed": 0.0, "delta": 0.0}}
{"target": -22636.340722251858, "params": {"A": 37.03497577335359, "D": 2.905930619878224, "S": 0.6917776064954642, "T": 1.3008840453397212, "b_prob": 0.2660501294572969, "ews": 0.8028045380063425, "ps": 0.02069848320598222, "t_r": 13.882360959487151}, "datetime": {"datetime": "2023-08-12 15:10:37", "elapsed": 0.0, "delta": 0.0}}
{"target": -22713.288835896426, "params": {"A": 37.024764652183194, "D": 2.9056811401648392, "S": 0.6921043418946863, "T": 1.3007620043640131, "b_prob": 0.2664331014242881, "ews": 0.8031670962766749, "ps": 0.02080868963527353, "t_r": 13.88274920998099}, "datetime": {"datetime": "2023-08-12 15:26:09", "elapsed": 0.0, "delta": 0.0}}
{"target": -22742.118115505247, "params": {"A": 37.06872730083317, "D": 2.9085034134760184, "S": 0.6925467117240223, "T": 1.3030579401235571, "b_prob": 0.2666432209162438, "ews": 0.8034615069557239, "ps": 0.02214537238309734, "t_r": 13.882937577177296}, "datetime": {"datetime": "2023-08-12 15:42:58", "elapsed": 0.0, "delta": 0.0}}
{"target": -22617.403574663116, "params": {"A": 36.63108722931915, "D": 2.8807148596943204, "S": 0.6884675716861347, "T": 1.280512900577226, "b_prob": 0.26487777260654566, "ews": 0.800856392131293, "ps": 0.009156794518635707, "t_r": 13.881388676093316}, "datetime": {"datetime": "2023-08-12 16:01:13", "elapsed": 0.0, "delta": 0.0}}
{"target": -22493.005485606194, "params": {"A": 36.62834179738309, "D": 2.880545587781125, "S": 0.6884486640994109, "T": 1.2803754019427585, "b_prob": 0.26487289826689553, "ews": 0.8008463826464604, "ps": 0.0090840450507217, "t_r": 13.881384997594765}, "datetime": {"datetime": "2023-08-12 16:16:42", "elapsed": 0.0, "delta": 0.0}}
{"target": -22330.651199320506, "params": {"A": 36.62665461416559, "D": 2.880418152098497, "S": 0.6884101215905426, "T": 1.2802691065655083, "b_prob": 0.2648436705420711, "ews": 0.8008138167860064, "ps": 0.00900943710082491, "t_r": 13.881356759265195}, "datetime": {"datetime": "2023-08-12 16:31:26", "elapsed": 0.0, "delta": 0.0}}
{"target": -22423.43188761184, "params": {"A": 36.65432852792465, "D": 2.882225140864532, "S": 0.6886743482261618, "T": 1.2817353430639276, "b_prob": 0.2649570962178476, "ews": 0.8009820974622689, "ps": 0.009854105473766412, "t_r": 13.881456029785907}, "datetime": {"datetime": "2023-08-12 16:47:12", "elapsed": 0.0, "delta": 0.0}}
{"target": -22553.227721846586, "params": {"A": 37.02847458045181, "D": 2.905455907065051, "S": 0.6916515302402413, "T": 1.3004864360529704, "b_prob": 0.265958075109242, "ews": 0.8027001366928095, "ps": 0.02044139740656799, "t_r": 13.88227208925223}, "datetime": {"datetime": "2023-08-12 17:02:54", "elapsed": 0.0, "delta": 0.0}}
{"target": -22675.64436746158, "params": {"A": 37.02708713559943, "D": 2.905419178221583, "S": 0.6916929339799036, "T": 1.3004669868384497, "b_prob": 0.2660071034137932, "ews": 0.8027463979447765, "ps": 0.0204534408137126, "t_r": 13.882321831273945}, "datetime": {"datetime": "2023-08-12 17:20:55", "elapsed": 0.0, "delta": 0.0}}
{"target": -22481.76808315792, "params": {"A": 37.03368629440973, "D": 2.9055478913298507, "S": 0.6915049988538569, "T": 1.300525670893691, "b_prob": 0.2657882680206917, "ews": 0.8025387766244617, "ps": 0.02038449470271321, "t_r": 13.882100103792604}, "datetime": {"datetime": "2023-08-12 17:39:16", "elapsed": 0.0, "delta": 0.0}}
{"target": -22642.780963639318, "params": {"A": 37.02980761319006, "D": 2.905492886457251, "S": 0.6916136476519096, "T": 1.3005065454732334, "b_prob": 0.26591440220486845, "ews": 0.8026566805603274, "ps": 0.020431286998393052, "t_r": 13.882227599596195}, "datetime": {"datetime": "2023-08-12 17:57:21", "elapsed": 0.0, "delta": 0.0}}
{"target": -22506.428798347868, "params": {"A": 37.04210922062686, "D": 2.9058869292941303, "S": 0.6913188607595543, "T": 1.3007485601288606, "b_prob": 0.26555087964227164, "ews": 0.8023199860993897, "ps": 0.020395705150178713, "t_r": 13.881857919803444}, "datetime": {"datetime": "2023-08-12 18:09:15", "elapsed": 0.0, "delta": 0.0}}
{"target": -22622.62371668085, "params": {"A": 37.038547799005364, "D": 2.905708407707657, "S": 0.6913360340130271, "T": 1.3006133235186645, "b_prob": 0.2655871673294045, "ews": 0.8023493211032928, "ps": 0.02033934857263274, "t_r": 13.881895998515116}, "datetime": {"datetime": "2023-08-12 18:27:59", "elapsed": 0.0, "delta": 0.0}}
{"target": -22306.3622430545, "params": {"A": 37.05415478166211, "D": 2.905618706289674, "S": 0.6903388041140657, "T": 1.300323257055, "b_prob": 0.26450151517267906, "ews": 0.8012957758089906, "ps": 0.019684115162822535, "t_r": 13.88080206977338}, "datetime": {"datetime": "2023-08-12 18:49:52", "elapsed": 0.0, "delta": 0.0}}
{"target": -21889.9740429266, "params": {"A": 37.07350193241363, "D": 2.9041479542790527, "S": 0.6876646327652491, "T": 1.298586001350753, "b_prob": 0.26170976016078684, "ews": 0.7985466934185389, "ps": 0.017461165125733005, "t_r": 13.877999307426283}, "datetime": {"datetime": "2023-08-12 19:01:59", "elapsed": 0.0, "delta": 0.0}}
{"target": -22046.695555810908, "params": {"A": 37.08438705372189, "D": 2.904600686619748, "S": 0.6875136113828115, "T": 1.2989052109659598, "b_prob": 0.2614998196982035, "ews": 0.7983581355260775, "ps": 0.017537023415351207, "t_r": 13.877783852903438}, "datetime": {"datetime": "2023-08-12 19:20:59", "elapsed": 0.0, "delta": 0.0}}
