{"target": -45327.201387831796, "params": {"A": 52.03191610298302, "D": 3.8325912904724193, "S": 0.2979956915238149, "T": 1.7770690129941575, "b_prob": 0.378589390869531, "ews": 0.8962930889334381, "ps": 0.12558531046383625, "t_r": 3.694157415796428}, "datetime": {"datetime": "2023-08-11 13:22:30", "elapsed": 0.0, "delta": 0.0}}
{"target": -21668.752234166936, "params": {"A": 36.609157635781635, "D": 2.879306897672338, "S": 0.6882467612410134, "T": 1.2793674860081214, "b_prob": 0.2647728107781595, "ews": 0.8007093874487079, "ps": 0.008489880542820738, "t_r": 13.881294556983867}, "datetime": {"datetime": "2023-08-11 13:36:25", "elapsed": 0.0, "delta": 0.0}}
{"target": -41766.10064455407, "params": {"A": 36.614194310464974, "D": 2.8796267830212345, "S": 0.688293786099745, "T": 1.2796270262176204, "b_prob": 0.2647932084474673, "ews": 0.8007394484448312, "ps": 0.008639439929866826, "t_r": 13.881312462512968}, "datetime": {"datetime": "2023-08-11 13:49:45", "elapsed": 0.0, "delta": 0.0}}
{"target": -18339.010035151514, "params": {"A": 36.6118257779192, "D": 2.8794763546319873, "S": 0.6882716723212365, "T": 1.279504975564802, "b_prob": 0.264783616296564, "ews": 0.8007253120448942, "ps": 0.008569108550928234, "t_r": 13.881304042308946}, "datetime": {"datetime": "2023-08-11 14:01:23", "elapsed": 0.0, "delta": 0.0}}
{"target": -25800.72746391751, "params": {"A": 36.60996368683125, "D": 2.8793580909570835, "S": 0.6882542869279242, "T": 1.2794090218768122, "b_prob": 0.26477607514677354, "ews": 0.8007141983009073, "ps": 0.008513815481741353, "t_r": 13.88129742251945}, "datetime": {"datetime": "2023-08-11 14:12:56", "elapsed": 0.0, "delta": 0.0}}
{"target": -44990.53263664003, "params": {"A": 36.60952998030787, "D": 2.8793305457270906, "S": 0.6882502376316573, "T": 1.2793866729483985, "b_prob": 0.2647743187096802, "ews": 0.8007116097576842, "ps": 0.008500936968461536, "t_r": 13.881295880679792}, "datetime": {"datetime": "2023-08-11 14:24:53", "elapsed": 0.0, "delta": 0.0}}
{"target": -18503.431348740458, "params": {"A": 36.61026282233284, "D": 2.8793770894174386, "S": 0.688257079803301, "T": 1.279424436350772, "b_prob": 0.2647772865942906, "ews": 0.8007159836675865, "ps": 0.008522698033240938, "t_r": 13.881298485955103}, "datetime": {"datetime": "2023-08-11 14:37:18", "elapsed": 0.0, "delta": 0.0}}
{"target": -64962.1376900359, "params": {"A": 66.78555932480103, "D": 2.0986475273992404, "S": 0.2541433813211556, "T": 2.991719864112106, "b_prob": 0.24791537936156802, "ews": 0.3031399606537274, "ps": 0.1002485727354755, "t_r": 12.858301914751165}, "datetime": {"datetime": "2023-08-11 15:02:20", "elapsed": 0.0, "delta": 0.0}}
{"target": -19086.444505438507, "params": {"A": 36.6119711547359, "D": 2.879414215992538, "S": 0.688197520395943, "T": 1.2794401801802844, "b_prob": 0.26470829199911283, "ews": 0.8006504132164146, "ps": 0.008499471047165323, "t_r": 13.8812286082704}, "datetime": {"datetime": "2023-08-11 15:15:39", "elapsed": 0.0, "delta": 0.0}}
{"target": -21496.481627305, "params": {"A": 36.6105035747045, "D": 2.8793619132747676, "S": 0.6882270945600668, "T": 1.2794059851020474, "b_prob": 0.26474585617652524, "ews": 0.8006850777214803, "ps": 0.008498277750883082, "t_r": 13.881266920271859}, "datetime": {"datetime": "2023-08-11 15:27:05", "elapsed": 0.0, "delta": 0.0}}
{"target": -22475.960854809724, "params": {"A": 36.61025407426807, "D": 2.879372939411978, "S": 0.6882531932432354, "T": 1.2794203446315509, "b_prob": 0.264773425724728, "ews": 0.800712113474902, "ps": 0.008518712507515073, "t_r": 13.881294627494588}, "datetime": {"datetime": "2023-08-11 15:38:09", "elapsed": 0.0, "delta": 0.0}}
{"target": -22658.35269837774, "params": {"A": 36.74588249588153, "D": 2.887990460206276, "S": 0.6895232914192603, "T": 1.2864129279048186, "b_prob": 0.26532652303035087, "ews": 0.8015254190067945, "ps": 0.012549798555421857, "t_r": 13.8817806179497}, "datetime": {"datetime": "2023-08-11 15:57:21", "elapsed": 0.0, "delta": 0.0}}
{"target": -22447.97348428184, "params": {"A": 36.62817156436109, "D": 2.880514495454591, "S": 0.6884242845796438, "T": 1.280347275118431, "b_prob": 0.26484981393039564, "ews": 0.8008228705837626, "ps": 0.009054481531065516, "t_r": 13.881362152068498}, "datetime": {"datetime": "2023-08-11 16:10:21", "elapsed": 0.0, "delta": 0.0}}
{"target": -22389.730365249412, "params": {"A": 36.640226024003894, "D": 2.8812800888810144, "S": 0.688536830911783, "T": 1.280968442292765, "b_prob": 0.26489863242611683, "ews": 0.8008948166766459, "ps": 0.009412427538837916, "t_r": 13.881405006032965}, "datetime": {"datetime": "2023-08-11 16:31:31", "elapsed": 0.0, "delta": 0.0}}
{"target": -22387.745249696458, "params": {"A": 36.66114737343331, "D": 2.8826088292866143, "S": 0.6887321628645587, "T": 1.282046520936969, "b_prob": 0.2649833603059112, "ews": 0.8010196841028014, "ps": 0.010033667621543887, "t_r": 13.881479382055751}, "datetime": {"datetime": "2023-08-11 16:44:19", "elapsed": 0.0, "delta": 0.0}}
{"target": -22537.263572282478, "params": {"A": 36.744681814727166, "D": 2.8880329932186295, "S": 0.689637739921574, "T": 1.2864713655939828, "b_prob": 0.26544798941429826, "ews": 0.8016443385178288, "ps": 0.012637222950961959, "t_r": 13.881902741144353}, "datetime": {"datetime": "2023-08-11 16:56:17", "elapsed": 0.0, "delta": 0.0}}
{"target": -22527.0079653155, "params": {"A": 36.74578054887642, "D": 2.8879847267040253, "S": 0.6895231214926387, "T": 1.2864084248502237, "b_prob": 0.2653268960140396, "ews": 0.8015255949620796, "ps": 0.012547537997424826, "t_r": 13.881781041746185}, "datetime": {"datetime": "2023-08-11 17:16:20", "elapsed": 0.0, "delta": 0.0}}
{"target": -22316.10534500561, "params": {"A": 36.661256710554085, "D": 2.8826159357791186, "S": 0.6887333539118969, "T": 1.2820523191989093, "b_prob": 0.26498397408343183, "ews": 0.8010205073786545, "ps": 0.010037081573091602, "t_r": 13.881479941804324}, "datetime": {"datetime": "2023-08-11 17:29:29", "elapsed": 0.0, "delta": 0.0}}
{"target": -22418.62550561976, "params": {"A": 36.616581240012536, "D": 2.8797783798264915, "S": 0.6883160716416616, "T": 1.2797500248692668, "b_prob": 0.264802875103075, "ews": 0.8007536946458244, "ps": 0.008710317590724347, "t_r": 13.88132094811888}, "datetime": {"datetime": "2023-08-11 17:41:08", "elapsed": 0.0, "delta": 0.0}}
{"target": -22365.3977032945, "params": {"A": 36.63091223965453, "D": 2.8806885590833886, "S": 0.6884498728648927, "T": 1.2804885023138624, "b_prob": 0.264860913195651, "ews": 0.8008392280883764, "ps": 0.009135863344017505, "t_r": 13.881371895251114}, "datetime": {"datetime": "2023-08-11 18:01:43", "elapsed": 0.0, "delta": 0.0}}
{"target": -24248.055277207917, "params": {"A": 36.670993419931875, "D": 2.889951195573093, "S": 0.6959300439064384, "T": 1.2893569299857717, "b_prob": 0.27216714366756417, "ews": 0.8082085836586327, "ps": 0.017285838460120613, "t_r": 13.8886618460343}, "datetime": {"datetime": "2023-08-11 18:14:12", "elapsed": 0.0, "delta": 0.0}}
{"target": -22641.894374664626, "params": {"A": 36.83695707333168, "D": 2.8937747176409707, "S": 0.6903736082270542, "T": 1.2911060074458942, "b_prob": 0.2656953594611247, "ews": 0.8020689904486261, "ps": 0.015254173730570943, "t_r": 13.882104390795732}, "datetime": {"datetime": "2023-08-11 18:32:52", "elapsed": 0.0, "delta": 0.0}}
{"target": -22388.290717265947, "params": {"A": 36.618333163041996, "D": 2.8798896465937043, "S": 0.6883324284520869, "T": 1.2798403015892614, "b_prob": 0.2648099700911086, "ews": 0.8007641508604317, "ps": 0.008762339321511187, "t_r": 13.881327176257633}, "datetime": {"datetime": "2023-08-11 18:48:57", "elapsed": 0.0, "delta": 0.0}}
{"target": -22518.234840879064, "params": {"A": 36.68673345306818, "D": 2.8842338323939156, "S": 0.6889710470204692, "T": 1.2833649734649146, "b_prob": 0.2650869795436198, "ews": 0.801172392603761, "ps": 0.010793422544719815, "t_r": 13.881570341333896}, "datetime": {"datetime": "2023-08-11 19:04:28", "elapsed": 0.0, "delta": 0.0}}
{"target": -22601.400196556366, "params": {"A": 36.686637945616404, "D": 2.884219344313779, "S": 0.6889612456843329, "T": 1.2833515218951121, "b_prob": 0.26507763556446085, "ews": 0.8011628826441918, "ps": 0.010781860042707305, "t_r": 13.88156104015829}, "datetime": {"datetime": "2023-08-11 19:19:16", "elapsed": 0.0, "delta": 0.0}}
{"target": -22564.91445268834, "params": {"A": 36.618254594319296, "D": 2.8798612232855625, "S": 0.6883069062589738, "T": 1.2798125198794226, "b_prob": 0.2647847309963379, "ews": 0.8007388090173523, "ps": 0.008735726945467285, "t_r": 13.881301963657194}, "datetime": {"datetime": "2023-08-11 19:39:30", "elapsed": 0.0, "delta": 0.0}}
{"target": -22306.17432173049, "params": {"A": 36.757119438475875, "D": 2.88870413212839, "S": 0.6896282050123145, "T": 1.2869919683667148, "b_prob": 0.2653720307221277, "ews": 0.8015924858135676, "ps": 0.012883469152063908, "t_r": 13.881820565616614}, "datetime": {"datetime": "2023-08-11 19:52:48", "elapsed": 0.0, "delta": 0.0}}
{"target": -22300.533051375933, "params": {"A": 36.64432379759514, "D": 2.881540343477022, "S": 0.6885750897306184, "T": 1.2811796008613083, "b_prob": 0.26491522770690573, "ews": 0.8009192739155555, "ps": 0.00953410712806928, "t_r": 13.88141957374061}, "datetime": {"datetime": "2023-08-11 20:04:14", "elapsed": 0.0, "delta": 0.0}}
{"target": -22421.790245433218, "params": {"A": 36.68665964035897, "D": 2.884257677590955, "S": 0.6890005373045, "T": 1.2833900671549427, "b_prob": 0.26511702068000265, "ews": 0.8012022338294679, "ps": 0.010820791593021996, "t_r": 13.88160043403181}, "datetime": {"datetime": "2023-08-11 20:21:43", "elapsed": 0.0, "delta": 0.0}}
{"target": -22692.214284162917, "params": {"A": 36.75700815896697, "D": 2.888690735837048, "S": 0.6896204693471407, "T": 1.2869798239821837, "b_prob": 0.26536484744083594, "ews": 0.801585102065835, "ps": 0.012873606380430438, "t_r": 13.881813434035605}, "datetime": {"datetime": "2023-08-11 20:37:15", "elapsed": 0.0, "delta": 0.0}}
{"target": -22389.96306388291, "params": {"A": 36.63834447861315, "D": 2.8811605896396255, "S": 0.688519263883583, "T": 1.2808714861231498, "b_prob": 0.264891012489734, "ews": 0.8008835868211851, "ps": 0.009356556792158667, "t_r": 13.881398317082843}, "datetime": {"datetime": "2023-08-11 20:52:30", "elapsed": 0.0, "delta": 0.0}}
{"target": -22598.716752397737, "params": {"A": 36.758562525366706, "D": 2.8887957843359646, "S": 0.6896416783774701, "T": 1.2870663307382237, "b_prob": 0.26537787497672666, "ews": 0.8016010987640078, "ps": 0.01292632027992432, "t_r": 13.881825695833662}, "datetime": {"datetime": "2023-08-11 21:08:42", "elapsed": 0.0, "delta": 0.0}}
{"target": -22434.146782327618, "params": {"A": 36.62462326480624, "D": 2.8802891386244496, "S": 0.6883911559192091, "T": 1.2801644309865923, "b_prob": 0.26483544392528807, "ews": 0.8008016928373587, "ps": 0.008949118064126885, "t_r": 13.881349537757483}, "datetime": {"datetime": "2023-08-11 21:24:01", "elapsed": 0.0, "delta": 0.0}}
{"target": -22395.07785693918, "params": {"A": 36.686713852362786, "D": 2.8841953502494917, "S": 0.6889314519976614, "T": 1.2833262294666385, "b_prob": 0.26504727856821453, "ews": 0.8011327204570157, "ps": 0.010754283970935346, "t_r": 13.881530659434338}, "datetime": {"datetime": "2023-08-11 21:39:22", "elapsed": 0.0, "delta": 0.0}}
{"target": -22557.44498395334, "params": {"A": 36.79422272410646, "D": 2.891060607028071, "S": 0.6899746194374963, "T": 1.2889039033498326, "b_prob": 0.26552229267035865, "ews": 0.8018139338513358, "ps": 0.013985216833855285, "t_r": 13.881952468906448}, "datetime": {"datetime": "2023-08-11 21:54:18", "elapsed": 0.0, "delta": 0.0}}
{"target": -22393.934041501114, "params": {"A": 36.686817588188504, "D": 2.8842100905681933, "S": 0.6889410388417365, "T": 1.2833398332645192, "b_prob": 0.26505636192854604, "ews": 0.8011419884479533, "ps": 0.010765799896292099, "t_r": 13.881539689917581}, "datetime": {"datetime": "2023-08-11 22:09:56", "elapsed": 0.0, "delta": 0.0}}
{"target": -22457.459105961174, "params": {"A": 36.6561993797092, "D": 2.8822945761735417, "S": 0.6886859659746443, "T": 1.2817915504636916, "b_prob": 0.2649633217792906, "ews": 0.8009901523919982, "ps": 0.009886741533398104, "t_r": 13.881461791790114}, "datetime": {"datetime": "2023-08-11 22:27:48", "elapsed": 0.0, "delta": 0.0}}
{"target": -22441.50283683137, "params": {"A": 36.684301049352335, "D": 2.884079347468798, "S": 0.688948336909472, "T": 1.2832396315260985, "b_prob": 0.26507712872542366, "ews": 0.8011578749937764, "ps": 0.010721194570577809, "t_r": 13.881561694065956}, "datetime": {"datetime": "2023-08-11 22:40:19", "elapsed": 0.0, "delta": 0.0}}
{"target": -22546.040826518096, "params": {"A": 36.64797444611097, "D": 2.8817722006144404, "S": 0.6886091739710208, "T": 1.2813677190424844, "b_prob": 0.2649300122077652, "ews": 0.8009410625236713, "ps": 0.009642509752553747, "t_r": 13.88143255190524}, "datetime": {"datetime": "2023-08-11 23:00:16", "elapsed": 0.0, "delta": 0.0}}
{"target": -22592.793079941694, "params": {"A": 36.73584593629207, "D": 2.8883610157014568, "S": 0.6904959092281033, "T": 1.2869166337330482, "b_prob": 0.2663578934460092, "ews": 0.8025354673929456, "ps": 0.013296175257275776, "t_r": 13.882817487510877}, "datetime": {"datetime": "2023-08-11 23:19:46", "elapsed": 0.0, "delta": 0.0}}
{"target": -22502.69467555441, "params": {"A": 36.7446069959678, "D": 2.888010091642927, "S": 0.6896178437146098, "T": 1.2864491286572186, "b_prob": 0.2654283864993118, "ews": 0.8016246291633449, "ps": 0.012616197371683223, "t_r": 13.881883165707036}, "datetime": {"datetime": "2023-08-11 23:32:14", "elapsed": 0.0, "delta": 0.0}}
{"target": -22663.91624853058, "params": {"A": 36.73523222866635, "D": 2.8884126846031104, "S": 0.690586073780398, "T": 1.2869768162258295, "b_prob": 0.26645181461491, "ews": 0.8026280252276594, "ps": 0.013371873988354654, "t_r": 13.882911759611481}, "datetime": {"datetime": "2023-08-11 23:51:36", "elapsed": 0.0, "delta": 0.0}}
{"target": -22419.629627099697, "params": {"A": 36.74469135779891, "D": 2.8879998325132705, "S": 0.6896021095059252, "T": 1.28643765868378, "b_prob": 0.26541211799522607, "ews": 0.8016085545625166, "ps": 0.012602520585148255, "t_r": 13.881866847192617}, "datetime": {"datetime": "2023-08-12 00:10:21", "elapsed": 0.0, "delta": 0.0}}
{"target": -22292.1083909137, "params": {"A": 36.686786338052066, "D": 2.8842834881704813, "S": 0.6890205009350779, "T": 1.2834145774408574, "b_prob": 0.2651364148921964, "ews": 0.8012218303720782, "ps": 0.010842969337935646, "t_r": 13.881619788103981}, "datetime": {"datetime": "2023-08-12 00:22:26", "elapsed": 0.0, "delta": 0.0}}
{"target": -22448.663367191144, "params": {"A": 36.83892424431751, "D": 2.893793497255707, "S": 0.6902796734110692, "T": 1.2910998594454233, "b_prob": 0.26559042535131705, "ews": 0.8019680481120969, "ps": 0.01520259436770594, "t_r": 13.881998427199644}, "datetime": {"datetime": "2023-08-12 00:33:49", "elapsed": 0.0, "delta": 0.0}}
{"target": -22685.669294125953, "params": {"A": 36.737983711224544, "D": 2.8882147723615854, "S": 0.6902175273187794, "T": 1.2867411670934403, "b_prob": 0.266066616668727, "ews": 0.8022488703391149, "ps": 0.01306744804804973, "t_r": 13.882525003730656}, "datetime": {"datetime": "2023-08-12 00:49:22", "elapsed": 0.0, "delta": 0.0}}
{"target": -22532.188360889682, "params": {"A": 36.745833118875154, "D": 2.8879604692303458, "S": 0.6894937840081867, "T": 1.286383049777582, "b_prob": 0.265297059135307, "ews": 0.8014959393880485, "ps": 0.012520117512435095, "t_r": 13.881751158128294}, "datetime": {"datetime": "2023-08-12 01:07:53", "elapsed": 0.0, "delta": 0.0}}
{"target": -22620.683649108872, "params": {"A": 37.01948317718451, "D": 2.905367172997839, "S": 0.6920777612224622, "T": 1.300511590734742, "b_prob": 0.26643455890133055, "ews": 0.8031583831224214, "ps": 0.02067411723068186, "t_r": 13.882753276552597}, "datetime": {"datetime": "2023-08-12 01:20:14", "elapsed": 0.0, "delta": 0.0}}
{"target": -22620.16491247018, "params": {"A": 36.763441443573235, "D": 2.889105650378712, "S": 0.6896872303445615, "T": 1.287317741745101, "b_prob": 0.2653976337593389, "ews": 0.8016302182030253, "ps": 0.013071195234590452, "t_r": 13.881843040533768}, "datetime": {"datetime": "2023-08-12 01:31:43", "elapsed": 0.0, "delta": 0.0}}
{"target": -22422.774762299523, "params": {"A": 36.7457412239684, "D": 2.887953110027449, "S": 0.6894917987490784, "T": 1.2863768745917354, "b_prob": 0.2652956010770903, "ews": 0.8014942899501266, "ps": 0.012516106731108976, "t_r": 13.881749749409266}, "datetime": {"datetime": "2023-08-12 01:49:14", "elapsed": 0.0, "delta": 0.0}}
{"target": -22456.51480851154, "params": {"A": 37.026034174060875, "D": 2.9056137545141314, "S": 0.6919596378049354, "T": 1.3006775150390029, "b_prob": 0.2662808456151055, "ews": 0.8030175858265785, "ps": 0.02069304134282038, "t_r": 13.882596232205945}, "datetime": {"datetime": "2023-08-12 02:00:55", "elapsed": 0.0, "delta": 0.0}}
{"target": -22840.95527863965, "params": {"A": 37.11080688475084, "D": 2.9111672529899044, "S": 0.6929304040308926, "T": 1.305217507968663, "b_prob": 0.2668044042663803, "ews": 0.8037034414777282, "ps": 0.023385890093752804, "t_r": 13.883077935063643}, "datetime": {"datetime": "2023-08-12 02:18:24", "elapsed": 0.0, "delta": 0.0}}
{"target": -22507.177322728297, "params": {"A": 36.845130328147455, "D": 2.894293811017601, "S": 0.690449917732284, "T": 1.2915271758557165, "b_prob": 0.26572845974243764, "ews": 0.8021177718762106, "ps": 0.015496870957863038, "t_r": 13.882133446960989}, "datetime": {"datetime": "2023-08-12 02:38:45", "elapsed": 0.0, "delta": 0.0}}
{"target": -22359.880588743254, "params": {"A": 36.65423993370921, "D": 2.8821701293694977, "S": 0.6886676716282482, "T": 1.2816905800700664, "b_prob": 0.26495538635879057, "ews": 0.8009784575928871, "ps": 0.009828557600320618, "t_r": 13.881454825900995}, "datetime": {"datetime": "2023-08-12 02:58:21", "elapsed": 0.0, "delta": 0.0}}
{"target": -22355.118371506825, "params": {"A": 36.6543162028413, "D": 2.88217914359287, "S": 0.6886727950687793, "T": 1.2816987338192776, "b_prob": 0.26496013011485464, "ews": 0.8009833391410396, "ps": 0.009835143107350407, "t_r": 13.881459534121412}, "datetime": {"datetime": "2023-08-12 03:10:59", "elapsed": 0.0, "delta": 0.0}}
{"target": -22603.38186205863, "params": {"A": 37.070921076943115, "D": 2.9086340567148308, "S": 0.6925580106174846, "T": 1.3031621894171805, "b_prob": 0.2666428735801865, "ews": 0.8034653861755169, "ps": 0.022201517994579142, "t_r": 13.882936139824272}, "datetime": {"datetime": "2023-08-12 03:28:41", "elapsed": 0.0, "delta": 0.0}}
{"target": -22409.4938137334, "params": {"A": 36.62819604920455, "D": 2.8805795849970113, "S": 0.6884925969091417, "T": 1.2804121259964818, "b_prob": 0.26491800502381563, "ews": 0.8008911053088177, "ps": 0.009123236527123492, "t_r": 13.881430274936115}, "datetime": {"datetime": "2023-08-12 03:48:47", "elapsed": 0.0, "delta": 0.0}}
{"target": -22585.5601866524, "params": {"A": 36.84495414716708, "D": 2.8942820611108178, "S": 0.6904476788633214, "T": 1.291517529396466, "b_prob": 0.2657271490051167, "ews": 0.8021161243088964, "ps": 0.015491058079576677, "t_r": 13.88213222309101}, "datetime": {"datetime": "2023-08-12 04:01:04", "elapsed": 0.0, "delta": 0.0}}
{"target": -22465.530064014583, "params": {"A": 36.65426495333943, "D": 2.882196788269114, "S": 0.6886941384159916, "T": 1.281717199205354, "b_prob": 0.2649818327125273, "ews": 0.8010049113989315, "ps": 0.00985510027979256, "t_r": 13.881481270310907}, "datetime": {"datetime": "2023-08-12 04:19:20", "elapsed": 0.0, "delta": 0.0}}
{"target": -22717.940742406885, "params": {"A": 37.019284666697644, "D": 2.905383905658047, "S": 0.6921069443895035, "T": 1.300531076927376, "b_prob": 0.2664649570492603, "ews": 0.8031883403391519, "ps": 0.020698621804235394, "t_r": 13.882783788414386}, "datetime": {"datetime": "2023-08-12 04:37:08", "elapsed": 0.0, "delta": 0.0}}
{"target": -22721.662298658655, "params": {"A": 37.01944596235905, "D": 2.905439380337699, "S": 0.6921562098059878, "T": 1.30058517921919, "b_prob": 0.26651361602119467, "ews": 0.8032372194033709, "ps": 0.020750221647520894, "t_r": 13.882832390623621}, "datetime": {"datetime": "2023-08-12 04:54:51", "elapsed": 0.0, "delta": 0.0}}
{"target": -22686.69346600355, "params": {"A": 37.02488458204739, "D": 2.9054573849156142, "S": 0.691860717351007, "T": 1.300533850850983, "b_prob": 0.26618753130967426, "ews": 0.8029222369794096, "ps": 0.020572532971716077, "t_r": 13.88250344263391}, "datetime": {"datetime": "2023-08-12 05:16:35", "elapsed": 0.0, "delta": 0.0}}
{"target": -22781.38303648623, "params": {"A": 37.07111559942765, "D": 2.9086498054192673, "S": 0.6925634153181657, "T": 1.303175650488101, "b_prob": 0.26664726884478906, "ews": 0.8034701477769123, "ps": 0.0222108097551553, "t_r": 13.882940440611748}, "datetime": {"datetime": "2023-08-12 05:33:18", "elapsed": 0.0, "delta": 0.0}}
{"target": -22524.759750921537, "params": {"A": 37.06853924561093, "D": 2.908482783703447, "S": 0.6925357726750007, "T": 1.3030394534769396, "b_prob": 0.26663322757147734, "ews": 0.8034511704028207, "ps": 0.022130791720502425, "t_r": 13.882927672342667}, "datetime": {"datetime": "2023-08-12 05:51:01", "elapsed": 0.0, "delta": 0.0}}
{"target": -22415.37396793659, "params": {"A": 36.65433666747301, "D": 2.882204994265834, "S": 0.6886988415085086, "T": 1.2817246288372584, "b_prob": 0.26498619496175063, "ews": 0.8010093972845592, "ps": 0.009861117523318235, "t_r": 13.881485600635118}, "datetime": {"datetime": "2023-08-12 06:09:00", "elapsed": 0.0, "delta": 0.0}}
{"target": -22665.917944827048, "params": {"A": 37.01966504443122, "D": 2.9054229761835964, "S": 0.6921262553234976, "T": 1.3005657776068615, "b_prob": 0.2664823396496115, "ews": 0.8032064227548571, "ps": 0.020725358122398823, "t_r": 13.88280099053437}, "datetime": {"datetime": "2023-08-12 06:20:24", "elapsed": 0.0, "delta": 0.0}}
