{"target": -95334.9818891261, "params": {"A": 54.500860729743366, "D": 2.3525546661715455, "S": 0.7491697118841769, "T": 2.1333575024080678, "b_prob": 0.27823334777569364, "ews": 0.2236368432712168, "p_hi": 32.90197464090199, "p_lo": 6.514089273385306, "ps": 0.9021268525447554, "t_r": 5.446282215506561}, "datetime": {"datetime": "2023-08-14 04:39:53", "elapsed": 0.0, "delta": 0.0}}
{"target": -100073.69790462487, "params": {"A": 55.740854170002095, "D": 2.191340648406323, "S": 0.22850101000581668, "T": 1.9588069903225642, "b_prob": 0.2249885228543792, "ews": 0.2931690266343765, "p_hi": 25.890166734956395, "p_lo": 3.1619957140263564, "ps": 0.2985981938882666, "t_r": 7.557351827430593}, "datetime": {"datetime": "2023-08-14 05:13:01", "elapsed": 0.0, "delta": 0.0}}
{"target": -80638.69281201556, "params": {"A": 55.83580213407417, "D": 2.298614275602374, "S": 0.6660325559495354, "T": 1.891876988141285, "b_prob": 0.34543601109623545, "ews": 0.7832556885175956, "p_hi": 31.9119733466451, "p_lo": 7.096391993956251, "ps": 0.0171514076821927, "t_r": 5.511962253301936}, "datetime": {"datetime": "2023-08-14 05:56:29", "elapsed": 0.0, "delta": 0.0}}
{"target": -99341.54167190591, "params": {"A": 64.12801055518803, "D": 1.7809096257475971, "S": 0.5124974726213825, "T": 2.3479604483833545, "b_prob": 0.24343638331988887, "ews": 0.9453268643636418, "p_hi": 21.652021564217925, "p_lo": 5.683320909817534, "ps": 0.08083538795082124, "t_r": 2.127632202855716}, "datetime": {"datetime": "2023-08-14 06:33:46", "elapsed": 0.0, "delta": 0.0}}
{"target": -46312.06025961052, "params": {"A": 53.51032209262796, "D": 4.707516530616241, "S": 0.8834879075678442, "T": 1.0458505548170056, "b_prob": 0.39382366137951813, "ews": 0.5527391347855471, "p_hi": 26.802664255661526, "p_lo": 5.718155816131568, "ps": 0.3357653857139603, "t_r": 3.0717646386314312}, "datetime": {"datetime": "2023-08-14 07:03:02", "elapsed": 0.0, "delta": 0.0}}
{"target": -68640.37914838971, "params": {"A": 51.72717819257519, "D": 3.2294695501208066, "S": 0.8698690873040836, "T": 1.6300290409289382, "b_prob": 0.3069951157260723, "ews": 0.6909637037652651, "p_hi": 27.15959931160871, "p_lo": 4.319253188873098, "ps": 0.1021342207044883, "t_r": 2.791528607843433}, "datetime": {"datetime": "2023-08-14 07:41:14", "elapsed": 0.0, "delta": 0.0}}
{"target": -53727.633081106025, "params": {"A": 51.07527445347387, "D": 3.9051702754911344, "S": 0.47122395553927765, "T": 2.827624217485198, "b_prob": 0.34478731264290574, "ews": 0.6688540950529936, "p_hi": 26.227138829385012, "p_lo": 4.30450156351804, "ps": 0.19680108314662725, "t_r": 2.310802692642474}, "datetime": {"datetime": "2023-08-14 08:14:17", "elapsed": 0.0, "delta": 0.0}}
{"target": -102395.31428664704, "params": {"A": 51.63831464218628, "D": 4.839007247126815, "S": 0.10496260550447632, "T": 1.7633956400587165, "b_prob": 0.2849333739125377, "ews": 0.3199876404803623, "p_hi": 26.861688717066787, "p_lo": 3.9142780247209172, "ps": 0.34754482620141813, "t_r": 3.610915178422373}, "datetime": {"datetime": "2023-08-14 08:52:56", "elapsed": 0.0, "delta": 0.0}}
{"target": -112694.90859591136, "params": {"A": 50.55908939719558, "D": 4.072658214679171, "S": 0.2472477758631294, "T": 1.6320484714665036, "b_prob": 0.38826901879612674, "ews": 0.44510234903426626, "p_hi": 26.064029264317696, "p_lo": 5.62827848713341, "ps": 0.6941114327322453, "t_r": 1.2438201353079044}, "datetime": {"datetime": "2023-08-14 09:22:55", "elapsed": 0.0, "delta": 0.0}}
{"target": -116711.65113166547, "params": {"A": 51.13519819196283, "D": 2.6179730566886286, "S": 0.22619510188239011, "T": 0.6004926371868256, "b_prob": 0.3623534305522361, "ews": 0.4975932505896139, "p_hi": 26.34908317858624, "p_lo": 3.609974958405898, "ps": 0.07309448561732224, "t_r": 1.3248060647144637}, "datetime": {"datetime": "2023-08-14 10:03:29", "elapsed": 0.0, "delta": 0.0}}
{"target": -123028.12403962015, "params": {"A": 53.401415138258145, "D": 3.6389498584000166, "S": 0.3651032429916087, "T": 2.9948521971579436, "b_prob": 0.34644703650270736, "ews": 0.23269591179357751, "p_hi": 26.18671695300116, "p_lo": 4.042768734466973, "ps": 0.8530458731543588, "t_r": 1.472929726442192}, "datetime": {"datetime": "2023-08-14 10:27:36", "elapsed": 0.0, "delta": 0.0}}
{"target": -80801.8025681055, "params": {"A": 55.06792536498814, "D": 3.4896655063204545, "S": 0.8899070351633341, "T": 1.8514380656644058, "b_prob": 0.37070983063483004, "ews": 0.52908730115252, "p_hi": 28.29848847362441, "p_lo": 6.809013937600686, "ps": 0.8929927357645006, "t_r": 4.18335959295664}, "datetime": {"datetime": "2023-08-14 10:51:03", "elapsed": 0.0, "delta": 0.0}}
{"target": -101880.99217614597, "params": {"A": 54.53197389091116, "D": 3.1711575807888, "S": 0.1694700851872533, "T": 2.0185319481372805, "b_prob": 0.3686546500853085, "ews": 0.7956015827938, "p_hi": 28.295804366316357, "p_lo": 6.546568665484209, "ps": 0.710630989497464, "t_r": 5.485355132739761}, "datetime": {"datetime": "2023-08-14 11:34:56", "elapsed": 0.0, "delta": 0.0}}
{"target": -96382.59167814444, "params": {"A": 50.798798712273445, "D": 2.893473208600682, "S": 0.7619004458193928, "T": 2.7894211544752254, "b_prob": 0.3370850873727123, "ews": 0.5368369402436234, "p_hi": 29.45833519426295, "p_lo": 3.57537400161151, "ps": 0.769479789457913, "t_r": 2.2481022594264526}, "datetime": {"datetime": "2023-08-14 11:58:20", "elapsed": 0.0, "delta": 0.0}}
{"target": -66850.66235055689, "params": {"A": 56.19035017797477, "D": 2.7838166093074377, "S": 0.9231669793606417, "T": 2.878630937369302, "b_prob": 0.271369272030311, "ews": 0.11782729482344911, "p_hi": 30.03019443067093, "p_lo": 6.687117058558371, "ps": 0.47431300605744253, "t_r": 4.094009460213847}, "datetime": {"datetime": "2023-08-14 12:25:10", "elapsed": 0.0, "delta": 0.0}}
{"target": -68905.91300691347, "params": {"A": 57.1564012731931, "D": 3.5899353277089623, "S": 0.7339682664425458, "T": 1.9934873653897605, "b_prob": 0.2650477709297133, "ews": 0.7211012993838172, "p_hi": 30.392832711262827, "p_lo": 6.9010881107508855, "ps": 0.707249697375161, "t_r": 2.1198905617959682}, "datetime": {"datetime": "2023-08-14 12:50:10", "elapsed": 0.0, "delta": 0.0}}
{"target": -117180.83546139536, "params": {"A": 56.13509132473684, "D": 4.225233985968368, "S": 0.4049807247809172, "T": 0.5368921801771414, "b_prob": 0.22709075888391045, "ews": 0.6782645928549216, "p_hi": 29.68515676583155, "p_lo": 7.324091411194028, "ps": 0.15717360763097676, "t_r": 1.0669288478675258}, "datetime": {"datetime": "2023-08-14 13:28:00", "elapsed": 0.0, "delta": 0.0}}
{"target": -106964.65735561482, "params": {"A": 57.70271675665374, "D": 1.2028644265395, "S": 0.26461254483094926, "T": 1.62015426435117, "b_prob": 0.3978836124226146, "ews": 0.808277753872455, "p_hi": 29.233045823588768, "p_lo": 6.552621817396723, "ps": 0.8283001737092277, "t_r": 3.466994006004786}, "datetime": {"datetime": "2023-08-14 13:51:57", "elapsed": 0.0, "delta": 0.0}}
{"target": -65785.19202089882, "params": {"A": 58.05910379974948, "D": 4.9860833676060725, "S": 0.5675504783178309, "T": 2.5426174184806563, "b_prob": 0.2668822137047922, "ews": 0.5570589377701111, "p_hi": 31.622651166392668, "p_lo": 4.992221391862658, "ps": 0.3289114041384822, "t_r": 1.7024949376098815}, "datetime": {"datetime": "2023-08-14 14:19:40", "elapsed": 0.0, "delta": 0.0}}
{"target": -24284.367751956095, "params": {"A": 57.90551058107546, "D": 3.9609218950374623, "S": 0.5812815499381145, "T": 1.7251293868222926, "b_prob": 0.33363164218717445, "ews": 0.47465961097882514, "p_hi": 29.874289292354838, "p_lo": 4.274829013807996, "ps": 0.24142455105660565, "t_r": 1.182706130507559}, "datetime": {"datetime": "2023-08-14 14:52:13", "elapsed": 0.0, "delta": 0.0}}
{"target": -44448.45095994657, "params": {"A": 59.81656447581213, "D": 4.766636010677356, "S": 0.9581330693984427, "T": 0.9269770291612984, "b_prob": 0.27552180011935706, "ews": 0.6839989485394228, "p_hi": 30.39257044010503, "p_lo": 4.822132532512144, "ps": 0.22180999621380904, "t_r": 3.3292011427253922}, "datetime": {"datetime": "2023-08-14 15:26:09", "elapsed": 0.0, "delta": 0.0}}
{"target": -53768.34036437032, "params": {"A": 59.24989120856502, "D": 3.7756629687901424, "S": 0.8337315458390785, "T": 2.1698540255455216, "b_prob": 0.3692983354380024, "ews": 0.9215562507556799, "p_hi": 29.30373276172988, "p_lo": 6.335459587373158, "ps": 0.6052798277061081, "t_r": 3.7591277135899603}, "datetime": {"datetime": "2023-08-14 15:53:01", "elapsed": 0.0, "delta": 0.0}}
{"target": -92070.4540050605, "params": {"A": 59.55555966450163, "D": 3.265570438943283, "S": 0.45521655102087116, "T": 2.965827983956225, "b_prob": 0.2123662749197441, "ews": 0.49995579193117556, "p_hi": 28.954389608645734, "p_lo": 4.843821410056799, "ps": 0.4953430552743513, "t_r": 4.298744802998393}, "datetime": {"datetime": "2023-08-14 16:18:08", "elapsed": 0.0, "delta": 0.0}}
{"target": -105374.81757076227, "params": {"A": 59.17054605402868, "D": 2.942512617550692, "S": 0.019478635554667265, "T": 0.7720106276153753, "b_prob": 0.3566075724796128, "ews": 0.25641541863059436, "p_hi": 28.996147268302288, "p_lo": 4.649792325177527, "ps": 0.19107310279069278, "t_r": 3.4891609510417716}, "datetime": {"datetime": "2023-08-14 17:11:05", "elapsed": 0.0, "delta": 0.0}}
{"target": -128229.58218371533, "params": {"A": 59.37030670126492, "D": 3.530302019125111, "S": 0.028066176568667785, "T": 1.7736910894045586, "b_prob": 0.21936958611552554, "ews": 0.6510575485862813, "p_hi": 29.27457069812889, "p_lo": 8.330911835240565, "ps": 0.3261020929528451, "t_r": 5.439744767714732}, "datetime": {"datetime": "2023-08-14 18:04:12", "elapsed": 0.0, "delta": 0.0}}
