{"target": -39035.21315150813, "params": {"A": 52.03191610298302, "D": 3.8325912904724193, "S": 0.2979956915238149, "T": 1.7770690129941575, "b_prob": 0.378589390869531, "ews": 0.8962930889334381, "p_hi": 30.0468248371069, "p_lo": 2.0724287813818676, "ps": 0.05146720330082988, "t_r": 6.730527967458274}, "datetime": {"datetime": "2023-08-12 21:01:32", "elapsed": 0.0, "delta": 0.0}}
{"target": -81907.68976274076, "params": {"A": 64.42617342232114, "D": 3.025904056934024, "S": 0.8754115403151391, "T": 1.0969897344751955, "b_prob": 0.2421771370087467, "ews": 0.2346362700282828, "p_hi": 22.396514479470113, "p_lo": 8.677576320921672, "ps": 0.17944582070457193, "t_r": 3.823234020641037}, "datetime": {"datetime": "2023-08-12 21:38:28", "elapsed": 0.0, "delta": 0.0}}
{"target": -81896.48139400354, "params": {"A": 64.42701405105687, "D": 3.0262017844922275, "S": 0.8754303303937129, "T": 1.0972767410928734, "b_prob": 0.24220093940588558, "ews": 0.23475170001802692, "p_hi": 22.408218417332538, "p_lo": 8.677775765114982, "ps": 0.17956957436154763, "t_r": 3.8247688516587925}, "datetime": {"datetime": "2023-08-12 22:16:41", "elapsed": 0.0, "delta": 0.0}}
{"target": -149107.61534195114, "params": {"A": 45.152223131660676, "D": 4.304994352928285, "S": 0.01, "T": 2.177586141512282, "b_prob": 0.4, "ews": 1.0, "p_hi": 35.128421903564906, "p_lo": 0.0, "ps": 0.0, "t_r": 8.46299179195868}, "datetime": {"datetime": "2023-08-12 23:15:37", "elapsed": 0.0, "delta": 0.0}}
{"target": -46188.08109111691, "params": {"A": 55.612228344596545, "D": 3.5895471914628185, "S": 0.4498788967193451, "T": 1.571268137326686, "b_prob": 0.36411137820212763, "ews": 0.8261258366123249, "p_hi": 27.49762287706465, "p_lo": 3.2514086035920706, "ps": 0.07990738633064445, "t_r": 5.842455627697952}, "datetime": {"datetime": "2023-08-12 23:55:09", "elapsed": 0.0, "delta": 0.0}}
{"target": -149107.61534195114, "params": {"A": 50.947215193882094, "D": 3.700684857748935, "S": 0.02928076676560273, "T": 1.6444923601298127, "b_prob": 0.4, "ews": 1.0, "p_hi": 23.80257754980745, "p_lo": 0.0, "ps": 0.0, "t_r": 6.003614951936127}, "datetime": {"datetime": "2023-08-13 00:56:25", "elapsed": 0.0, "delta": 0.0}}
{"target": -39550.51518601991, "params": {"A": 55.16540051307465, "D": 3.7367344264678692, "S": 0.5579849464132732, "T": 1.7078030110405333, "b_prob": 0.35691169150390595, "ews": 0.791285489417823, "p_hi": 31.805945241824578, "p_lo": 4.063809274556065, "ps": 0.10046531408752636, "t_r": 6.5197017102819}, "datetime": {"datetime": "2023-08-13 01:33:28", "elapsed": 0.0, "delta": 0.0}}
{"target": -72333.35663117433, "params": {"A": 56.54572565528528, "D": 2.463784177584991, "S": 0.3253498349559595, "T": 1.671561542950244, "b_prob": 0.35373874711761616, "ews": 1.0, "p_hi": 30.998369951751236, "p_lo": 0.0, "ps": 0.5943322053146902, "t_r": 9.073882419960126}, "datetime": {"datetime": "2023-08-13 01:42:47", "elapsed": 0.0, "delta": 0.0}}
{"target": -149107.61534195114, "params": {"A": 53.44468239317996, "D": 5.0, "S": 0.648359062421259, "T": 1.7012055873741263, "b_prob": 0.4, "ews": 1.0, "p_hi": 30.845227107605385, "p_lo": 4.199946794189429, "ps": 0.0, "t_r": 2.1120960766473114}, "datetime": {"datetime": "2023-08-13 02:41:25", "elapsed": 0.0, "delta": 0.0}}
{"target": -149107.61534195114, "params": {"A": 54.08462970602204, "D": 3.2594079374254283, "S": 0.35678322945750135, "T": 1.7050527327828744, "b_prob": 0.3413377908359285, "ews": 0.6159293679588757, "p_hi": 29.52994846600687, "p_lo": 4.003119139175411, "ps": 0.0, "t_r": 8.770679568912058}, "datetime": {"datetime": "2023-08-13 03:40:13", "elapsed": 0.0, "delta": 0.0}}
{"target": -29481.280484609975, "params": {"A": 53.76082078559526, "D": 3.836010238487957, "S": 0.44034570742969403, "T": 1.7384009203693307, "b_prob": 0.3749099684948567, "ews": 0.9262330640741182, "p_hi": 31.117777487104366, "p_lo": 2.5342389763788558, "ps": 0.1279976404896963, "t_r": 6.098784828921502}, "datetime": {"datetime": "2023-08-13 04:10:33", "elapsed": 0.0, "delta": 0.0}}
{"target": -36866.73220829814, "params": {"A": 56.08192720171306, "D": 3.58886940712356, "S": 0.47686725562704346, "T": 1.3697188641978402, "b_prob": 0.36814439690319223, "ews": 0.844172228637921, "p_hi": 30.924937467473626, "p_lo": 2.3627439341247247, "ps": 0.23520386587970096, "t_r": 5.781046967519333}, "datetime": {"datetime": "2023-08-13 04:36:34", "elapsed": 0.0, "delta": 0.0}}
{"target": -97602.56230123954, "params": {"A": 54.06266516035114, "D": 3.574193335938007, "S": 0.4169653708708125, "T": 2.0525559682098597, "b_prob": 0.39132565322541873, "ews": 1.0, "p_hi": 29.815739870027368, "p_lo": 0.32506306223847137, "ps": 0.26270450869817463, "t_r": 5.689251044657332}, "datetime": {"datetime": "2023-08-13 05:01:45", "elapsed": 0.0, "delta": 0.0}}
{"target": -46268.48319360312, "params": {"A": 52.45938771279159, "D": 3.988518845167201, "S": 0.21759224822830775, "T": 0.9149298095608167, "b_prob": 0.37312318473347633, "ews": 0.9170638162361997, "p_hi": 32.48261623834295, "p_lo": 2.3760384416371307, "ps": 0.09865799259844624, "t_r": 6.63817556615942}, "datetime": {"datetime": "2023-08-13 05:44:39", "elapsed": 0.0, "delta": 0.0}}
{"target": -78673.16897955563, "params": {"A": 55.14910197449069, "D": 3.654929448357328, "S": 0.5530309065941021, "T": 1.8301917498414575, "b_prob": 0.3720136203374857, "ews": 1.0, "p_hi": 33.23628968173495, "p_lo": 2.188516446297316, "ps": 0.4087126623929486, "t_r": 6.201545162602714}, "datetime": {"datetime": "2023-08-13 06:10:11", "elapsed": 0.0, "delta": 0.0}}
{"target": -149107.61534195114, "params": {"A": 54.49897191233146, "D": 2.7351811691975745, "S": 0.01, "T": 0.5, "b_prob": 0.2, "ews": 1.0, "p_hi": 30.93514056052086, "p_lo": 3.340362366971816, "ps": 0.0, "t_r": 5.490563142934296}, "datetime": {"datetime": "2023-08-13 07:07:58", "elapsed": 0.0, "delta": 0.0}}
{"target": -130184.4961733547, "params": {"A": 54.23096426602136, "D": 4.621408904419661, "S": 0.10128004807463323, "T": 1.2525593630577312, "b_prob": 0.3075766895092717, "ews": 0.2820585351194871, "p_hi": 29.478391644582047, "p_lo": 3.373817966447329, "ps": 0.787825989397677, "t_r": 5.566140681276173}, "datetime": {"datetime": "2023-08-13 07:32:12", "elapsed": 0.0, "delta": 0.0}}
{"target": -122715.63909262016, "params": {"A": 57.668175594436775, "D": 3.8558111232780345, "S": 0.545841168268756, "T": 2.1348531880976602, "b_prob": 0.24769573840875841, "ews": 0.4730125190030068, "p_hi": 31.220302564830888, "p_lo": 1.985533607982235, "ps": 0.8190117644742787, "t_r": 4.289667751365225}, "datetime": {"datetime": "2023-08-13 07:55:07", "elapsed": 0.0, "delta": 0.0}}
{"target": -109759.93013367392, "params": {"A": 52.998285361501345, "D": 3.5970639161568925, "S": 0.3525407063664376, "T": 2.7219013287691753, "b_prob": 0.29563135217345854, "ews": 0.7613750360832711, "p_hi": 31.536732809497146, "p_lo": 0.08682438228332146, "ps": 0.34598084148874686, "t_r": 6.706718326047066}, "datetime": {"datetime": "2023-08-13 08:18:59", "elapsed": 0.0, "delta": 0.0}}
{"target": -121963.43303794807, "params": {"A": 50.32709759285683, "D": 3.23239623827339, "S": 0.3853575062131248, "T": 1.7518002230234107, "b_prob": 0.26552625382481565, "ews": 0.04130226730967668, "p_hi": 30.895658682851384, "p_lo": 3.6444985096472395, "ps": 0.8035402709135804, "t_r": 6.559153989884716}, "datetime": {"datetime": "2023-08-13 08:42:35", "elapsed": 0.0, "delta": 0.0}}
{"target": -90434.77976061543, "params": {"A": 56.87308733769349, "D": 4.155157282604123, "S": 0.23887425236390655, "T": 1.1345863946149999, "b_prob": 0.3761264875048708, "ews": 0.6082344033829118, "p_hi": 31.682888502169604, "p_lo": 0.8383312286347855, "ps": 0.5967989654180553, "t_r": 8.36248698162647}, "datetime": {"datetime": "2023-08-13 09:02:50", "elapsed": 0.0, "delta": 0.0}}
{"target": -36297.815820216616, "params": {"A": 56.961009123036526, "D": 3.6095700575057235, "S": 0.7683899793847544, "T": 1.6673926871358882, "b_prob": 0.38415230333440376, "ews": 0.482531385477147, "p_hi": 26.958903552427405, "p_lo": 3.1501376205030587, "ps": 0.0910215105576222, "t_r": 3.680042708285954}, "datetime": {"datetime": "2023-08-13 09:39:30", "elapsed": 0.0, "delta": 0.0}}
{"target": -101125.60059737391, "params": {"A": 56.65058156695619, "D": 3.9754040076087866, "S": 0.1270124084199398, "T": 0.6911809025850453, "b_prob": 0.3839219980648092, "ews": 0.7794392830231153, "p_hi": 27.269361665676133, "p_lo": 3.039064503552794, "ps": 0.12942556918281634, "t_r": 3.127429311790514}, "datetime": {"datetime": "2023-08-13 10:34:28", "elapsed": 0.0, "delta": 0.0}}
{"target": -116274.00383743459, "params": {"A": 57.32868393112747, "D": 4.518257091513689, "S": 0.8109197324970968, "T": 2.8441635179479086, "b_prob": 0.22951423419746547, "ews": 0.9469235243789714, "p_hi": 25.582932355377714, "p_lo": 2.4470220704449464, "ps": 0.9142744760995491, "t_r": 2.5615488294500492}, "datetime": {"datetime": "2023-08-13 10:59:12", "elapsed": 0.0, "delta": 0.0}}
{"target": -95008.11374976221, "params": {"A": 53.74019033077342, "D": 3.9260868843672827, "S": 0.014105886663282781, "T": 0.9377545369674365, "b_prob": 0.3585563801330501, "ews": 0.5973476831211932, "p_hi": 32.33882553276139, "p_lo": 4.460823819860296, "ps": 0.1955968176047319, "t_r": 5.254147880453846}, "datetime": {"datetime": "2023-08-13 11:55:33", "elapsed": 0.0, "delta": 0.0}}
{"target": -101136.87244731512, "params": {"A": 58.49503404209102, "D": 2.098102031201934, "S": 0.7893158152714336, "T": 0.6953115984133297, "b_prob": 0.29141417440086764, "ews": 0.635284223390971, "p_hi": 26.846003138187324, "p_lo": 3.130726995006375, "ps": 0.7517593357827927, "t_r": 3.0772580112477206}, "datetime": {"datetime": "2023-08-13 12:19:24", "elapsed": 0.0, "delta": 0.0}}
{"target": -44658.057544215335, "params": {"A": 54.0302498554356, "D": 3.2336008689268745, "S": 0.9005866243832911, "T": 0.5370119574542618, "b_prob": 0.2997557663805664, "ews": 0.20120826895131572, "p_hi": 26.163615717055045, "p_lo": 3.7663787300686637, "ps": 0.16138454562377935, "t_r": 5.109692015400885}, "datetime": {"datetime": "2023-08-13 13:19:10", "elapsed": 0.0, "delta": 0.0}}
{"target": -126790.08751105593, "params": {"A": 57.783745443897814, "D": 3.285322730717847, "S": 0.4465798596373912, "T": 0.982729565579286, "b_prob": 0.20754086506575795, "ews": 0.7494490695236539, "p_hi": 26.24939039097648, "p_lo": 2.934906209933932, "ps": 0.8405992469302342, "t_r": 6.63229946469478}, "datetime": {"datetime": "2023-08-13 13:43:08", "elapsed": 0.0, "delta": 0.0}}
{"target": -120952.6559642327, "params": {"A": 52.137313366174276, "D": 2.6775717745917484, "S": 0.9833301699122995, "T": 2.8640182970926116, "b_prob": 0.2276558829716201, "ews": 0.0416156415309622, "p_hi": 29.654005365512575, "p_lo": 1.9274696771982025, "ps": 0.7261679943105523, "t_r": 8.071713396003407}, "datetime": {"datetime": "2023-08-13 14:05:19", "elapsed": 0.0, "delta": 0.0}}
{"target": -117804.7230245538, "params": {"A": 52.150256765702565, "D": 2.6587017556630386, "S": 0.28881311146064814, "T": 0.6217819725674146, "b_prob": 0.31052793458831446, "ews": 0.6859796268384357, "p_hi": 34.42032353050381, "p_lo": 2.3365531119064764, "ps": 0.5282755680407585, "t_r": 7.642606597715819}, "datetime": {"datetime": "2023-08-13 14:29:20", "elapsed": 0.0, "delta": 0.0}}
{"target": -88788.44452343918, "params": {"A": 56.00766146064504, "D": 2.333269301338721, "S": 0.04872512277295284, "T": 2.6017268603363544, "b_prob": 0.320864897568666, "ews": 0.562347170186593, "p_hi": 31.150814470241876, "p_lo": 4.1796207544121735, "ps": 0.30788308886915616, "t_r": 4.786648867094513}, "datetime": {"datetime": "2023-08-13 15:14:00", "elapsed": 0.0, "delta": 0.0}}
{"target": -90675.27639213347, "params": {"A": 56.65960959214899, "D": 1.7094078098018928, "S": 0.8839331079470077, "T": 1.6501769400066488, "b_prob": 0.342780760355883, "ews": 0.5891028290188693, "p_hi": 31.762532326158343, "p_lo": 1.073090044812266, "ps": 0.7404825074810816, "t_r": 5.363276563068354}, "datetime": {"datetime": "2023-08-13 15:37:15", "elapsed": 0.0, "delta": 0.0}}
{"target": -109105.6412468378, "params": {"A": 54.97646045711043, "D": 3.927009961259775, "S": 0.2530425666485213, "T": 2.9697849407055545, "b_prob": 0.22155409119358416, "ews": 0.3313521828859072, "p_hi": 34.33877966745914, "p_lo": 3.7565932806789126, "ps": 0.41909551776685694, "t_r": 5.5518992849774245}, "datetime": {"datetime": "2023-08-13 16:07:42", "elapsed": 0.0, "delta": 0.0}}
{"target": -130715.18728981818, "params": {"A": 57.59166051652866, "D": 1.6561023184611101, "S": 0.15552182905082704, "T": 1.5902767931537627, "b_prob": 0.21211351386961844, "ews": 0.7909374860422842, "p_hi": 30.74733019038056, "p_lo": 2.8225975738962985, "ps": 0.6792558559870616, "t_r": 5.5390357416802525}, "datetime": {"datetime": "2023-08-13 16:31:57", "elapsed": 0.0, "delta": 0.0}}
{"target": -107164.65756510837, "params": {"A": 51.322369709335, "D": 3.0844990943931285, "S": 0.6903534732343385, "T": 0.6091551431134443, "b_prob": 0.2850667427278812, "ews": 0.4465499496829888, "p_hi": 26.375081473421538, "p_lo": 3.9452811925867803, "ps": 0.7251944885139088, "t_r": 5.39208345069251}, "datetime": {"datetime": "2023-08-13 16:54:55", "elapsed": 0.0, "delta": 0.0}}
{"target": -101444.856409494, "params": {"A": 54.21928958249825, "D": 2.1928617456909443, "S": 0.5160441219562951, "T": 0.6363543677237198, "b_prob": 0.257435492544758, "ews": 0.14956217187613774, "p_hi": 25.182787272285356, "p_lo": 4.973580057792444, "ps": 0.8367524723499974, "t_r": 2.81165090508012}, "datetime": {"datetime": "2023-08-13 17:17:59", "elapsed": 0.0, "delta": 0.0}}
{"target": -101054.48409295788, "params": {"A": 64.12950577787447, "D": 3.220041584119607, "S": 0.3814567533958936, "T": 0.6012548132837585, "b_prob": 0.2096682017664831, "ews": 0.8528774294819731, "p_hi": 22.86023572564713, "p_lo": 8.467986092213861, "ps": 0.9236804200439402, "t_r": 5.4207502603367255}, "datetime": {"datetime": "2023-08-13 17:42:34", "elapsed": 0.0, "delta": 0.0}}
{"target": -132266.96458106913, "params": {"A": 56.81944905240633, "D": 4.674300982490173, "S": 0.13637938382272002, "T": 1.7193112764826721, "b_prob": 0.29564866925214994, "ews": 0.6852977098296434, "p_hi": 30.135119511896235, "p_lo": 2.2307667826843556, "ps": 0.7928540742108202, "t_r": 8.654288553074593}, "datetime": {"datetime": "2023-08-13 18:06:07", "elapsed": 0.0, "delta": 0.0}}
{"target": -95417.10961271514, "params": {"A": 55.45023410267174, "D": 1.4251826971418908, "S": 0.6258044956104765, "T": 1.8817426359617537, "b_prob": 0.35065558496361915, "ews": 0.7273426783736524, "p_hi": 33.66049508597808, "p_lo": 4.211272540873676, "ps": 0.728761438469829, "t_r": 7.305223611344719}, "datetime": {"datetime": "2023-08-13 18:29:52", "elapsed": 0.0, "delta": 0.0}}
{"target": -114708.87011303965, "params": {"A": 54.376438132801276, "D": 2.7302092848479473, "S": 0.9682470424788887, "T": 0.9048035384545976, "b_prob": 0.20543500266056983, "ews": 0.9257800685559516, "p_hi": 27.672440739401516, "p_lo": 0.4732944879692369, "ps": 0.2759886446262143, "t_r": 6.1506786390755375}, "datetime": {"datetime": "2023-08-13 18:52:31", "elapsed": 0.0, "delta": 0.0}}
{"target": -61054.31015231857, "params": {"A": 55.54478710666527, "D": 1.879069488515956, "S": 0.37250124903830273, "T": 1.2776131054142095, "b_prob": 0.3142830991315805, "ews": 0.15111424976068, "p_hi": 30.927603940081887, "p_lo": 4.714953470535084, "ps": 0.19146313323135444, "t_r": 6.57730134856308}, "datetime": {"datetime": "2023-08-13 19:27:17", "elapsed": 0.0, "delta": 0.0}}
{"target": -143974.95473228412, "params": {"A": 55.49293421417801, "D": 2.335630236136379, "S": 0.07425465643897121, "T": 1.9099373609590826, "b_prob": 0.2192526120157609, "ews": 0.05666307204629706, "p_hi": 30.070479731516357, "p_lo": 5.105443557543791, "ps": 0.09075254731087701, "t_r": 6.185923174531032}, "datetime": {"datetime": "2023-08-13 20:23:39", "elapsed": 0.0, "delta": 0.0}}
{"target": -69427.58131225216, "params": {"A": 57.20308215853423, "D": 2.52856266161346, "S": 0.8239826273957769, "T": 0.6655633721479857, "b_prob": 0.3738614775817629, "ews": 0.6349950448588451, "p_hi": 30.559340660808694, "p_lo": 4.56488157680917, "ps": 0.5535349701875968, "t_r": 8.099960747405586}, "datetime": {"datetime": "2023-08-13 20:47:58", "elapsed": 0.0, "delta": 0.0}}
{"target": -116783.33655685223, "params": {"A": 58.71250673184197, "D": 3.1980102642391284, "S": 0.13812919015305436, "T": 1.5043088903296862, "b_prob": 0.26386012655454427, "ews": 0.742361181407083, "p_hi": 31.36786509029016, "p_lo": 5.334910486171109, "ps": 0.765911729991997, "t_r": 7.940490784353988}, "datetime": {"datetime": "2023-08-13 21:25:41", "elapsed": 0.0, "delta": 0.0}}
{"target": -81869.34103141644, "params": {"A": 64.19800631966571, "D": 2.548534699847514, "S": 0.5115454017666305, "T": 2.759344169471698, "b_prob": 0.20115555401548635, "ews": 0.134388328106834, "p_hi": 21.632721427532537, "p_lo": 8.166759739660879, "ps": 0.4908754413805665, "t_r": 5.04036533778346}, "datetime": {"datetime": "2023-08-13 22:02:07", "elapsed": 0.0, "delta": 0.0}}
{"target": -98276.37011775744, "params": {"A": 64.301337223301, "D": 2.317249290367074, "S": 0.05646401994020521, "T": 2.6515929771687983, "b_prob": 0.33616294997420293, "ews": 0.5064439065312871, "p_hi": 21.025397990749603, "p_lo": 8.964427162301492, "ps": 0.5573136165545978, "t_r": 4.333133187317519}, "datetime": {"datetime": "2023-08-13 22:51:57", "elapsed": 0.0, "delta": 0.0}}
{"target": -62473.214942216044, "params": {"A": 65.50394048712087, "D": 3.342650197835943, "S": 0.7603243395536132, "T": 2.877865965500139, "b_prob": 0.28425678854335795, "ews": 0.2602976968081694, "p_hi": 21.36303622538966, "p_lo": 7.85024626082963, "ps": 0.5424254428108183, "t_r": 3.942266994461937}, "datetime": {"datetime": "2023-08-13 23:23:05", "elapsed": 0.0, "delta": 0.0}}
{"target": -48949.45973221267, "params": {"A": 65.11738533291702, "D": 3.8105965895869374, "S": 0.7338536729823103, "T": 1.0642926183650112, "b_prob": 0.3701111231477177, "ews": 0.03761165890193641, "p_hi": 21.002919799588014, "p_lo": 7.905466632678571, "ps": 0.8715655957971694, "t_r": 5.111024005632847}, "datetime": {"datetime": "2023-08-13 23:47:51", "elapsed": 0.0, "delta": 0.0}}
{"target": -94179.04026941105, "params": {"A": 66.98954694045855, "D": 2.6193342554052195, "S": 0.37104495407421895, "T": 1.978367933461204, "b_prob": 0.3651124498028608, "ews": 0.08393615007704425, "p_hi": 22.03949279242563, "p_lo": 7.954342043060153, "ps": 0.6168088967140459, "t_r": 2.306257664647892}, "datetime": {"datetime": "2023-08-14 00:17:35", "elapsed": 0.0, "delta": 0.0}}
{"target": -39355.38729094669, "params": {"A": 63.01558551957977, "D": 4.228516104022477, "S": 0.6745230703353523, "T": 0.8115258550581992, "b_prob": 0.38705849738586817, "ews": 0.5480602422750267, "p_hi": 20.101039175205322, "p_lo": 7.9452304576331265, "ps": 0.7186593755972557, "t_r": 6.672196481340023}, "datetime": {"datetime": "2023-08-14 00:42:36", "elapsed": 0.0, "delta": 0.0}}
{"target": -63504.24130322287, "params": {"A": 63.09098137774048, "D": 4.950008616998549, "S": 0.47569808992494783, "T": 1.72212467304992, "b_prob": 0.3901021791979235, "ews": 0.5404885137355526, "p_hi": 21.077957565352065, "p_lo": 8.608782842523597, "ps": 0.15767254462003444, "t_r": 3.3599103276798914}, "datetime": {"datetime": "2023-08-14 01:19:50", "elapsed": 0.0, "delta": 0.0}}
{"target": -86884.86751636752, "params": {"A": 63.88804514283375, "D": 4.083382454351429, "S": 0.7028729953126305, "T": 0.8122943135136311, "b_prob": 0.23477720295843107, "ews": 0.5896912224180467, "p_hi": 21.085975326870965, "p_lo": 9.3623712345785, "ps": 0.029454197079061162, "t_r": 2.0674474861760785}, "datetime": {"datetime": "2023-08-14 01:57:19", "elapsed": 0.0, "delta": 0.0}}
{"target": -109874.04029173867, "params": {"A": 63.80573506773453, "D": 4.966279806090763, "S": 0.24126208019995524, "T": 1.2343763289856917, "b_prob": 0.26016142569721534, "ews": 0.49878792830826557, "p_hi": 23.103935701107943, "p_lo": 8.127111296250858, "ps": 0.9370753964148955, "t_r": 3.0107312366545687}, "datetime": {"datetime": "2023-08-14 02:31:10", "elapsed": 0.0, "delta": 0.0}}
{"target": -65987.98595975246, "params": {"A": 63.16239490626669, "D": 1.7019916210544883, "S": 0.8486664192950072, "T": 1.1440566362764522, "b_prob": 0.31252799884774585, "ews": 0.04508938538433338, "p_hi": 20.344342141609086, "p_lo": 7.130499625116674, "ps": 0.8313266922354993, "t_r": 4.086630588036938}, "datetime": {"datetime": "2023-08-14 02:55:53", "elapsed": 0.0, "delta": 0.0}}
{"target": -112504.02460820171, "params": {"A": 66.36438875395754, "D": 4.427759285917963, "S": 0.2207246563161605, "T": 1.6805511650179752, "b_prob": 0.35071316716656775, "ews": 0.9220150311394156, "p_hi": 21.462429078741316, "p_lo": 5.282418089594047, "ps": 0.9379536563021905, "t_r": 4.346757328570007}, "datetime": {"datetime": "2023-08-14 03:26:58", "elapsed": 0.0, "delta": 0.0}}
{"target": -49737.960398739015, "params": {"A": 56.33696106529054, "D": 1.8929621975305642, "S": 0.7648649839986223, "T": 0.7830507667277713, "b_prob": 0.3530926240258652, "ews": 0.28374288610444864, "p_hi": 33.732306593102244, "p_lo": 5.548875607085754, "ps": 0.4368512673690951, "t_r": 6.010146307151394}, "datetime": {"datetime": "2023-08-14 03:53:17", "elapsed": 0.0, "delta": 0.0}}
{"target": -100672.47474398129, "params": {"A": 57.42706723348915, "D": 2.1752659095682008, "S": 0.9071240608684878, "T": 0.6554288592336128, "b_prob": 0.34907246745842985, "ews": 0.22262488596150787, "p_hi": 33.56327199778938, "p_lo": 3.2691852915860453, "ps": 0.8430993864036397, "t_r": 6.410037516374016}, "datetime": {"datetime": "2023-08-14 04:16:36", "elapsed": 0.0, "delta": 0.0}}
